Watching for file changes with StatReloader
Starting new HTTPS connection (1): api.deepseek.com:443
https://api.deepseek.com:443 "POST /v1/chat/completions HTTP/1.1" 400 114
DeepSeek API HTTP error: 400 Client Error: Bad Request for url: https://api.deepseek.com/v1/chat/completions, Status: 400, Response: {"error":{"message":"Model Not Exist","type":"invalid_request_error","param":null,"code":"invalid_request_error"}}
Internal Server Error: /api/chat/
C:\Users\Nazmul\Desktop\chatbot\api\views.py changed, reloading.
Watching for file changes with StatReloader
Watching for file changes with StatReloader
Unauthorized: /api/chat/history/
Unauthorized: /api/token/refresh/
Starting new HTTPS connection (1): api.deepseek.com:443
https://api.deepseek.com:443 "POST /v1/chat/completions HTTP/1.1" 400 114
DeepSeek API HTTP error: 400 Client Error: Bad Request for url: https://api.deepseek.com/v1/chat/completions, Status: 400, Response: {"error":{"message":"Model Not Exist","type":"invalid_request_error","param":null,"code":"invalid_request_error"}}
Internal Server Error: /api/chat/
Starting new HTTPS connection (1): api.deepseek.com:443
https://api.deepseek.com:443 "POST /v1/chat/completions HTTP/1.1" 400 114
DeepSeek API HTTP error: 400 Client Error: Bad Request for url: https://api.deepseek.com/v1/chat/completions, Status: 400, Response: {"error":{"message":"Model Not Exist","type":"invalid_request_error","param":null,"code":"invalid_request_error"}}
Internal Server Error: /api/chat/
C:\Users\Nazmul\Desktop\chatbot\api\views.py changed, reloading.
Watching for file changes with StatReloader
C:\Users\Nazmul\Desktop\chatbot\project\settings.py changed, reloading.
Watching for file changes with StatReloader
C:\Users\Nazmul\Desktop\chatbot\project\settings.py changed, reloading.
Watching for file changes with StatReloader
Unauthorized: /api/chat/history/
Unauthorized: /api/token/refresh/
Starting new HTTPS connection (1): api.deepseek.com:443
https://api.deepseek.com:443 "POST /v1/chat/completions HTTP/1.1" 402 111
DeepSeek API HTTP error: 402 Client Error: Payment Required for url: https://api.deepseek.com/v1/chat/completions, Status: 402, Response: {"error":{"message":"Insufficient Balance","type":"unknown_error","param":null,"code":"invalid_request_error"}}
Internal Server Error: /api/chat/
Starting new HTTPS connection (1): api.deepseek.com:443
https://api.deepseek.com:443 "POST /v1/chat/completions HTTP/1.1" 402 111
DeepSeek API HTTP error: 402 Client Error: Payment Required for url: https://api.deepseek.com/v1/chat/completions, Status: 402, Response: {"error":{"message":"Insufficient Balance","type":"unknown_error","param":null,"code":"invalid_request_error"}}
Internal Server Error: /api/chat/
C:\Users\Nazmul\Desktop\chatbot\api\views.py changed, reloading.
Watching for file changes with StatReloader
Starting new HTTPS connection (1): jsonplaceholder.typicode.com:443
https://jsonplaceholder.typicode.com:443 "POST /posts HTTP/1.1" 201 78
JSONPlaceholder API response saved for user: nazmul
Starting new HTTPS connection (1): jsonplaceholder.typicode.com:443
https://jsonplaceholder.typicode.com:443 "POST /posts HTTP/1.1" 201 94
JSONPlaceholder API response saved for user: nazmul
Starting new HTTPS connection (1): jsonplaceholder.typicode.com:443
https://jsonplaceholder.typicode.com:443 "POST /posts HTTP/1.1" 201 84
JSONPlaceholder API response saved for user: nazmul
Starting new HTTPS connection (1): jsonplaceholder.typicode.com:443
https://jsonplaceholder.typicode.com:443 "POST /posts HTTP/1.1" 201 81
JSONPlaceholder API response saved for user: nazmul
Starting new HTTPS connection (1): jsonplaceholder.typicode.com:443
https://jsonplaceholder.typicode.com:443 "POST /posts HTTP/1.1" 201 103
JSONPlaceholder API response saved for user: nazmul
Successfully imported extension module "markdown.extensions.toc".
Successfully loaded extension "markdown.extensions.toc.TocExtension".
Method Not Allowed: /api/register/
Successfully imported extension module "markdown.extensions.toc".
Successfully loaded extension "markdown.extensions.toc.TocExtension".
Method Not Allowed: /api/token/
Successfully imported extension module "markdown.extensions.toc".
Successfully loaded extension "markdown.extensions.toc.TocExtension".
Unauthorized: /api/chat/
Unauthorized: /api/chat/history/
Unauthorized: /api/chat/history/
Successfully imported extension module "markdown.extensions.toc".
Successfully loaded extension "markdown.extensions.toc.TocExtension".
Successfully imported extension module "markdown.extensions.toc".
Successfully loaded extension "markdown.extensions.toc.TocExtension".
Method Not Allowed: /api/register/
Successfully imported extension module "markdown.extensions.toc".
Successfully loaded extension "markdown.extensions.toc.TocExtension".
Bad Request: /api/register/
Sending JSONPlaceholder API request with prompt: hfai
Starting new HTTPS connection (1): jsonplaceholder.typicode.com:443
https://jsonplaceholder.typicode.com:443 "POST /posts HTTP/1.1" 201 76
Raw JSONPlaceholder API response: {
  "title": "Chatbot Query",
  "body": "hfai",
  "userId": 1,
  "id": 101
}
JSONPlaceholder API response saved for user: nazmul
Successfully imported extension module "markdown.extensions.toc".
Successfully loaded extension "markdown.extensions.toc.TocExtension".
Method Not Allowed: /api/token/
Watching for file changes with StatReloader
Sending JSONPlaceholder API request with prompt: hai
Starting new HTTPS connection (1): jsonplaceholder.typicode.com:443
https://jsonplaceholder.typicode.com:443 "POST /posts HTTP/1.1" 201 75
Raw JSONPlaceholder API response: {
  "title": "Chatbot Query",
  "body": "hai",
  "userId": 1,
  "id": 101
}
JSONPlaceholder API response saved for user: nazmul
Sending JSONPlaceholder API request with prompt: hello
Starting new HTTPS connection (1): jsonplaceholder.typicode.com:443
https://jsonplaceholder.typicode.com:443 "POST /posts HTTP/1.1" 201 77
Raw JSONPlaceholder API response: {
  "title": "Chatbot Query",
  "body": "hello",
  "userId": 1,
  "id": 101
}
JSONPlaceholder API response saved for user: nazmul
C:\Users\Nazmul\Desktop\chatbot\project\settings.py changed, reloading.
Watching for file changes with StatReloader
C:\Users\Nazmul\Desktop\chatbot\api\views.py changed, reloading.
Watching for file changes with StatReloader
Watching for file changes with StatReloader
Internal Server Error: /api/chat/
Traceback (most recent call last):
  File "C:\Users\Nazmul\Desktop\chatbot\api\views.py", line 68, in post
    response = GEMINI_MODEL.generate_content(user_query)
               ^^^^^^^^^^^^^^^^^^^^^^^^^^^^^^^^^^^^^^^^^
  File "C:\Users\Nazmul\AppData\Local\Programs\Python\Python311\Lib\site-packages\google\generativeai\generative_models.py", line 331, in generate_content
    response = self._client.generate_content(
               ^^^^^^^^^^^^^^^^^^^^^^^^^^^^^^
  File "C:\Users\Nazmul\AppData\Local\Programs\Python\Python311\Lib\site-packages\google\ai\generativelanguage_v1beta\services\generative_service\client.py", line 835, in generate_content
    response = rpc(
               ^^^^
  File "C:\Users\Nazmul\AppData\Local\Programs\Python\Python311\Lib\site-packages\google\api_core\gapic_v1\method.py", line 131, in __call__
    return wrapped_func(*args, **kwargs)
           ^^^^^^^^^^^^^^^^^^^^^^^^^^^^^
  File "C:\Users\Nazmul\AppData\Local\Programs\Python\Python311\Lib\site-packages\google\api_core\retry\retry_unary.py", line 294, in retry_wrapped_func
    return retry_target(
           ^^^^^^^^^^^^^
  File "C:\Users\Nazmul\AppData\Local\Programs\Python\Python311\Lib\site-packages\google\api_core\retry\retry_unary.py", line 156, in retry_target
    next_sleep = _retry_error_helper(
                 ^^^^^^^^^^^^^^^^^^^^
  File "C:\Users\Nazmul\AppData\Local\Programs\Python\Python311\Lib\site-packages\google\api_core\retry\retry_base.py", line 214, in _retry_error_helper
    raise final_exc from source_exc
  File "C:\Users\Nazmul\AppData\Local\Programs\Python\Python311\Lib\site-packages\google\api_core\retry\retry_unary.py", line 147, in retry_target
    result = target()
             ^^^^^^^^
  File "C:\Users\Nazmul\AppData\Local\Programs\Python\Python311\Lib\site-packages\google\api_core\timeout.py", line 130, in func_with_timeout
    return func(*args, **kwargs)
           ^^^^^^^^^^^^^^^^^^^^^
  File "C:\Users\Nazmul\AppData\Local\Programs\Python\Python311\Lib\site-packages\google\api_core\grpc_helpers.py", line 78, in error_remapped_callable
    raise exceptions.from_grpc_error(exc) from exc
google.api_core.exceptions.NotFound: 404 models/gemini-pro is not found for API version v1beta, or is not supported for generateContent. Call ListModels to see the list of available models and their supported methods.

During handling of the above exception, another exception occurred:

Traceback (most recent call last):
  File "C:\Users\Nazmul\AppData\Local\Programs\Python\Python311\Lib\site-packages\django\core\handlers\exception.py", line 55, in inner
    response = get_response(request)
               ^^^^^^^^^^^^^^^^^^^^^
  File "C:\Users\Nazmul\AppData\Local\Programs\Python\Python311\Lib\site-packages\django\core\handlers\base.py", line 197, in _get_response
    response = wrapped_callback(request, *callback_args, **callback_kwargs)
               ^^^^^^^^^^^^^^^^^^^^^^^^^^^^^^^^^^^^^^^^^^^^^^^^^^^^^^^^^^^^
  File "C:\Users\Nazmul\AppData\Local\Programs\Python\Python311\Lib\site-packages\django\views\decorators\csrf.py", line 65, in _view_wrapper
    return view_func(request, *args, **kwargs)
           ^^^^^^^^^^^^^^^^^^^^^^^^^^^^^^^^^^^
  File "C:\Users\Nazmul\AppData\Local\Programs\Python\Python311\Lib\site-packages\django\views\generic\base.py", line 105, in view
    return self.dispatch(request, *args, **kwargs)
           ^^^^^^^^^^^^^^^^^^^^^^^^^^^^^^^^^^^^^^^
  File "C:\Users\Nazmul\AppData\Local\Programs\Python\Python311\Lib\site-packages\rest_framework\views.py", line 515, in dispatch
    response = self.handle_exception(exc)
               ^^^^^^^^^^^^^^^^^^^^^^^^^^
  File "C:\Users\Nazmul\AppData\Local\Programs\Python\Python311\Lib\site-packages\rest_framework\views.py", line 475, in handle_exception
    self.raise_uncaught_exception(exc)
  File "C:\Users\Nazmul\AppData\Local\Programs\Python\Python311\Lib\site-packages\rest_framework\views.py", line 486, in raise_uncaught_exception
    raise exc
  File "C:\Users\Nazmul\AppData\Local\Programs\Python\Python311\Lib\site-packages\rest_framework\views.py", line 512, in dispatch
    response = handler(request, *args, **kwargs)
               ^^^^^^^^^^^^^^^^^^^^^^^^^^^^^^^^^
  File "C:\Users\Nazmul\Desktop\chatbot\api\views.py", line 94, in post
    except genai.types.APIError as e:
           ^^^^^^^^^^^^^^^^^^^^
AttributeError: module 'google.generativeai.types' has no attribute 'APIError'
C:\Users\Nazmul\Desktop\chatbot\api\urls.py changed, reloading.
Watching for file changes with StatReloader
Internal Server Error: /api/chat/
Traceback (most recent call last):
  File "C:\Users\Nazmul\Desktop\chatbot\api\views.py", line 68, in post
    response = GEMINI_MODEL.generate_content(user_query)
               ^^^^^^^^^^^^^^^^^^^^^^^^^^^^^^^^^^^^^^^^^
  File "C:\Users\Nazmul\AppData\Local\Programs\Python\Python311\Lib\site-packages\google\generativeai\generative_models.py", line 331, in generate_content
    response = self._client.generate_content(
               ^^^^^^^^^^^^^^^^^^^^^^^^^^^^^^
  File "C:\Users\Nazmul\AppData\Local\Programs\Python\Python311\Lib\site-packages\google\ai\generativelanguage_v1beta\services\generative_service\client.py", line 835, in generate_content
    response = rpc(
               ^^^^
  File "C:\Users\Nazmul\AppData\Local\Programs\Python\Python311\Lib\site-packages\google\api_core\gapic_v1\method.py", line 131, in __call__
    return wrapped_func(*args, **kwargs)
           ^^^^^^^^^^^^^^^^^^^^^^^^^^^^^
  File "C:\Users\Nazmul\AppData\Local\Programs\Python\Python311\Lib\site-packages\google\api_core\retry\retry_unary.py", line 294, in retry_wrapped_func
    return retry_target(
           ^^^^^^^^^^^^^
  File "C:\Users\Nazmul\AppData\Local\Programs\Python\Python311\Lib\site-packages\google\api_core\retry\retry_unary.py", line 156, in retry_target
    next_sleep = _retry_error_helper(
                 ^^^^^^^^^^^^^^^^^^^^
  File "C:\Users\Nazmul\AppData\Local\Programs\Python\Python311\Lib\site-packages\google\api_core\retry\retry_base.py", line 214, in _retry_error_helper
    raise final_exc from source_exc
  File "C:\Users\Nazmul\AppData\Local\Programs\Python\Python311\Lib\site-packages\google\api_core\retry\retry_unary.py", line 147, in retry_target
    result = target()
             ^^^^^^^^
  File "C:\Users\Nazmul\AppData\Local\Programs\Python\Python311\Lib\site-packages\google\api_core\timeout.py", line 130, in func_with_timeout
    return func(*args, **kwargs)
           ^^^^^^^^^^^^^^^^^^^^^
  File "C:\Users\Nazmul\AppData\Local\Programs\Python\Python311\Lib\site-packages\google\api_core\grpc_helpers.py", line 78, in error_remapped_callable
    raise exceptions.from_grpc_error(exc) from exc
google.api_core.exceptions.NotFound: 404 models/gemini-pro is not found for API version v1beta, or is not supported for generateContent. Call ListModels to see the list of available models and their supported methods.

During handling of the above exception, another exception occurred:

Traceback (most recent call last):
  File "C:\Users\Nazmul\AppData\Local\Programs\Python\Python311\Lib\site-packages\django\core\handlers\exception.py", line 55, in inner
    response = get_response(request)
               ^^^^^^^^^^^^^^^^^^^^^
  File "C:\Users\Nazmul\AppData\Local\Programs\Python\Python311\Lib\site-packages\django\core\handlers\base.py", line 197, in _get_response
    response = wrapped_callback(request, *callback_args, **callback_kwargs)
               ^^^^^^^^^^^^^^^^^^^^^^^^^^^^^^^^^^^^^^^^^^^^^^^^^^^^^^^^^^^^
  File "C:\Users\Nazmul\AppData\Local\Programs\Python\Python311\Lib\site-packages\django\views\decorators\csrf.py", line 65, in _view_wrapper
    return view_func(request, *args, **kwargs)
           ^^^^^^^^^^^^^^^^^^^^^^^^^^^^^^^^^^^
  File "C:\Users\Nazmul\AppData\Local\Programs\Python\Python311\Lib\site-packages\django\views\generic\base.py", line 105, in view
    return self.dispatch(request, *args, **kwargs)
           ^^^^^^^^^^^^^^^^^^^^^^^^^^^^^^^^^^^^^^^
  File "C:\Users\Nazmul\AppData\Local\Programs\Python\Python311\Lib\site-packages\rest_framework\views.py", line 515, in dispatch
    response = self.handle_exception(exc)
               ^^^^^^^^^^^^^^^^^^^^^^^^^^
  File "C:\Users\Nazmul\AppData\Local\Programs\Python\Python311\Lib\site-packages\rest_framework\views.py", line 475, in handle_exception
    self.raise_uncaught_exception(exc)
  File "C:\Users\Nazmul\AppData\Local\Programs\Python\Python311\Lib\site-packages\rest_framework\views.py", line 486, in raise_uncaught_exception
    raise exc
  File "C:\Users\Nazmul\AppData\Local\Programs\Python\Python311\Lib\site-packages\rest_framework\views.py", line 512, in dispatch
    response = handler(request, *args, **kwargs)
               ^^^^^^^^^^^^^^^^^^^^^^^^^^^^^^^^^
  File "C:\Users\Nazmul\Desktop\chatbot\api\views.py", line 94, in post
    except genai.types.APIError as e:
           ^^^^^^^^^^^^^^^^^^^^
AttributeError: module 'google.generativeai.types' has no attribute 'APIError'
C:\Users\Nazmul\Desktop\chatbot\api\views.py changed, reloading.
Watching for file changes with StatReloader
Internal Server Error: /api/chat/
Traceback (most recent call last):
  File "C:\Users\Nazmul\Desktop\chatbot\api\views.py", line 66, in post
    response = GEMINI_MODEL.generate_content(user_query)
               ^^^^^^^^^^^^^^^^^^^^^^^^^^^^^^^^^^^^^^^^^
  File "C:\Users\Nazmul\AppData\Local\Programs\Python\Python311\Lib\site-packages\google\generativeai\generative_models.py", line 331, in generate_content
    response = self._client.generate_content(
               ^^^^^^^^^^^^^^^^^^^^^^^^^^^^^^
  File "C:\Users\Nazmul\AppData\Local\Programs\Python\Python311\Lib\site-packages\google\ai\generativelanguage_v1beta\services\generative_service\client.py", line 835, in generate_content
    response = rpc(
               ^^^^
  File "C:\Users\Nazmul\AppData\Local\Programs\Python\Python311\Lib\site-packages\google\api_core\gapic_v1\method.py", line 131, in __call__
    return wrapped_func(*args, **kwargs)
           ^^^^^^^^^^^^^^^^^^^^^^^^^^^^^
  File "C:\Users\Nazmul\AppData\Local\Programs\Python\Python311\Lib\site-packages\google\api_core\retry\retry_unary.py", line 294, in retry_wrapped_func
    return retry_target(
           ^^^^^^^^^^^^^
  File "C:\Users\Nazmul\AppData\Local\Programs\Python\Python311\Lib\site-packages\google\api_core\retry\retry_unary.py", line 156, in retry_target
    next_sleep = _retry_error_helper(
                 ^^^^^^^^^^^^^^^^^^^^
  File "C:\Users\Nazmul\AppData\Local\Programs\Python\Python311\Lib\site-packages\google\api_core\retry\retry_base.py", line 214, in _retry_error_helper
    raise final_exc from source_exc
  File "C:\Users\Nazmul\AppData\Local\Programs\Python\Python311\Lib\site-packages\google\api_core\retry\retry_unary.py", line 147, in retry_target
    result = target()
             ^^^^^^^^
  File "C:\Users\Nazmul\AppData\Local\Programs\Python\Python311\Lib\site-packages\google\api_core\timeout.py", line 130, in func_with_timeout
    return func(*args, **kwargs)
           ^^^^^^^^^^^^^^^^^^^^^
  File "C:\Users\Nazmul\AppData\Local\Programs\Python\Python311\Lib\site-packages\google\api_core\grpc_helpers.py", line 78, in error_remapped_callable
    raise exceptions.from_grpc_error(exc) from exc
google.api_core.exceptions.NotFound: 404 models/gemini-pro is not found for API version v1beta, or is not supported for generateContent. Call ListModels to see the list of available models and their supported methods.

During handling of the above exception, another exception occurred:

Traceback (most recent call last):
  File "C:\Users\Nazmul\AppData\Local\Programs\Python\Python311\Lib\site-packages\django\core\handlers\exception.py", line 55, in inner
    response = get_response(request)
               ^^^^^^^^^^^^^^^^^^^^^
  File "C:\Users\Nazmul\AppData\Local\Programs\Python\Python311\Lib\site-packages\django\core\handlers\base.py", line 197, in _get_response
    response = wrapped_callback(request, *callback_args, **callback_kwargs)
               ^^^^^^^^^^^^^^^^^^^^^^^^^^^^^^^^^^^^^^^^^^^^^^^^^^^^^^^^^^^^
  File "C:\Users\Nazmul\AppData\Local\Programs\Python\Python311\Lib\site-packages\django\views\decorators\csrf.py", line 65, in _view_wrapper
    return view_func(request, *args, **kwargs)
           ^^^^^^^^^^^^^^^^^^^^^^^^^^^^^^^^^^^
  File "C:\Users\Nazmul\AppData\Local\Programs\Python\Python311\Lib\site-packages\django\views\generic\base.py", line 105, in view
    return self.dispatch(request, *args, **kwargs)
           ^^^^^^^^^^^^^^^^^^^^^^^^^^^^^^^^^^^^^^^
  File "C:\Users\Nazmul\AppData\Local\Programs\Python\Python311\Lib\site-packages\rest_framework\views.py", line 515, in dispatch
    response = self.handle_exception(exc)
               ^^^^^^^^^^^^^^^^^^^^^^^^^^
  File "C:\Users\Nazmul\AppData\Local\Programs\Python\Python311\Lib\site-packages\rest_framework\views.py", line 475, in handle_exception
    self.raise_uncaught_exception(exc)
  File "C:\Users\Nazmul\AppData\Local\Programs\Python\Python311\Lib\site-packages\rest_framework\views.py", line 486, in raise_uncaught_exception
    raise exc
  File "C:\Users\Nazmul\AppData\Local\Programs\Python\Python311\Lib\site-packages\rest_framework\views.py", line 512, in dispatch
    response = handler(request, *args, **kwargs)
               ^^^^^^^^^^^^^^^^^^^^^^^^^^^^^^^^^
  File "C:\Users\Nazmul\Desktop\chatbot\api\views.py", line 92, in post
    except genai.types.APIError as e:
           ^^^^^^^^^^^^^^^^^^^^
AttributeError: module 'google.generativeai.types' has no attribute 'APIError'
Internal Server Error: /api/chat/
Traceback (most recent call last):
  File "C:\Users\Nazmul\Desktop\chatbot\api\views.py", line 66, in post
    response = GEMINI_MODEL.generate_content(user_query)
               ^^^^^^^^^^^^^^^^^^^^^^^^^^^^^^^^^^^^^^^^^
  File "C:\Users\Nazmul\AppData\Local\Programs\Python\Python311\Lib\site-packages\google\generativeai\generative_models.py", line 331, in generate_content
    response = self._client.generate_content(
               ^^^^^^^^^^^^^^^^^^^^^^^^^^^^^^
  File "C:\Users\Nazmul\AppData\Local\Programs\Python\Python311\Lib\site-packages\google\ai\generativelanguage_v1beta\services\generative_service\client.py", line 835, in generate_content
    response = rpc(
               ^^^^
  File "C:\Users\Nazmul\AppData\Local\Programs\Python\Python311\Lib\site-packages\google\api_core\gapic_v1\method.py", line 131, in __call__
    return wrapped_func(*args, **kwargs)
           ^^^^^^^^^^^^^^^^^^^^^^^^^^^^^
  File "C:\Users\Nazmul\AppData\Local\Programs\Python\Python311\Lib\site-packages\google\api_core\retry\retry_unary.py", line 294, in retry_wrapped_func
    return retry_target(
           ^^^^^^^^^^^^^
  File "C:\Users\Nazmul\AppData\Local\Programs\Python\Python311\Lib\site-packages\google\api_core\retry\retry_unary.py", line 156, in retry_target
    next_sleep = _retry_error_helper(
                 ^^^^^^^^^^^^^^^^^^^^
  File "C:\Users\Nazmul\AppData\Local\Programs\Python\Python311\Lib\site-packages\google\api_core\retry\retry_base.py", line 214, in _retry_error_helper
    raise final_exc from source_exc
  File "C:\Users\Nazmul\AppData\Local\Programs\Python\Python311\Lib\site-packages\google\api_core\retry\retry_unary.py", line 147, in retry_target
    result = target()
             ^^^^^^^^
  File "C:\Users\Nazmul\AppData\Local\Programs\Python\Python311\Lib\site-packages\google\api_core\timeout.py", line 130, in func_with_timeout
    return func(*args, **kwargs)
           ^^^^^^^^^^^^^^^^^^^^^
  File "C:\Users\Nazmul\AppData\Local\Programs\Python\Python311\Lib\site-packages\google\api_core\grpc_helpers.py", line 78, in error_remapped_callable
    raise exceptions.from_grpc_error(exc) from exc
google.api_core.exceptions.NotFound: 404 models/gemini-pro is not found for API version v1beta, or is not supported for generateContent. Call ListModels to see the list of available models and their supported methods.

During handling of the above exception, another exception occurred:

Traceback (most recent call last):
  File "C:\Users\Nazmul\AppData\Local\Programs\Python\Python311\Lib\site-packages\django\core\handlers\exception.py", line 55, in inner
    response = get_response(request)
               ^^^^^^^^^^^^^^^^^^^^^
  File "C:\Users\Nazmul\AppData\Local\Programs\Python\Python311\Lib\site-packages\django\core\handlers\base.py", line 197, in _get_response
    response = wrapped_callback(request, *callback_args, **callback_kwargs)
               ^^^^^^^^^^^^^^^^^^^^^^^^^^^^^^^^^^^^^^^^^^^^^^^^^^^^^^^^^^^^
  File "C:\Users\Nazmul\AppData\Local\Programs\Python\Python311\Lib\site-packages\django\views\decorators\csrf.py", line 65, in _view_wrapper
    return view_func(request, *args, **kwargs)
           ^^^^^^^^^^^^^^^^^^^^^^^^^^^^^^^^^^^
  File "C:\Users\Nazmul\AppData\Local\Programs\Python\Python311\Lib\site-packages\django\views\generic\base.py", line 105, in view
    return self.dispatch(request, *args, **kwargs)
           ^^^^^^^^^^^^^^^^^^^^^^^^^^^^^^^^^^^^^^^
  File "C:\Users\Nazmul\AppData\Local\Programs\Python\Python311\Lib\site-packages\rest_framework\views.py", line 515, in dispatch
    response = self.handle_exception(exc)
               ^^^^^^^^^^^^^^^^^^^^^^^^^^
  File "C:\Users\Nazmul\AppData\Local\Programs\Python\Python311\Lib\site-packages\rest_framework\views.py", line 475, in handle_exception
    self.raise_uncaught_exception(exc)
  File "C:\Users\Nazmul\AppData\Local\Programs\Python\Python311\Lib\site-packages\rest_framework\views.py", line 486, in raise_uncaught_exception
    raise exc
  File "C:\Users\Nazmul\AppData\Local\Programs\Python\Python311\Lib\site-packages\rest_framework\views.py", line 512, in dispatch
    response = handler(request, *args, **kwargs)
               ^^^^^^^^^^^^^^^^^^^^^^^^^^^^^^^^^
  File "C:\Users\Nazmul\Desktop\chatbot\api\views.py", line 92, in post
    except genai.types.APIError as e:
           ^^^^^^^^^^^^^^^^^^^^
AttributeError: module 'google.generativeai.types' has no attribute 'APIError'
Watching for file changes with StatReloader
Sending query to Gemini API: ha
Internal Server Error: /api/chat/
Traceback (most recent call last):
  File "C:\Users\Nazmul\Desktop\chatbot\api\views.py", line 66, in post
    response = GEMINI_MODEL.generate_content(user_query)
               ^^^^^^^^^^^^^^^^^^^^^^^^^^^^^^^^^^^^^^^^^
  File "C:\Users\Nazmul\AppData\Local\Programs\Python\Python311\Lib\site-packages\google\generativeai\generative_models.py", line 331, in generate_content
    response = self._client.generate_content(
               ^^^^^^^^^^^^^^^^^^^^^^^^^^^^^^
  File "C:\Users\Nazmul\AppData\Local\Programs\Python\Python311\Lib\site-packages\google\ai\generativelanguage_v1beta\services\generative_service\client.py", line 835, in generate_content
    response = rpc(
               ^^^^
  File "C:\Users\Nazmul\AppData\Local\Programs\Python\Python311\Lib\site-packages\google\api_core\gapic_v1\method.py", line 131, in __call__
    return wrapped_func(*args, **kwargs)
           ^^^^^^^^^^^^^^^^^^^^^^^^^^^^^
  File "C:\Users\Nazmul\AppData\Local\Programs\Python\Python311\Lib\site-packages\google\api_core\retry\retry_unary.py", line 294, in retry_wrapped_func
    return retry_target(
           ^^^^^^^^^^^^^
  File "C:\Users\Nazmul\AppData\Local\Programs\Python\Python311\Lib\site-packages\google\api_core\retry\retry_unary.py", line 156, in retry_target
    next_sleep = _retry_error_helper(
                 ^^^^^^^^^^^^^^^^^^^^
  File "C:\Users\Nazmul\AppData\Local\Programs\Python\Python311\Lib\site-packages\google\api_core\retry\retry_base.py", line 214, in _retry_error_helper
    raise final_exc from source_exc
  File "C:\Users\Nazmul\AppData\Local\Programs\Python\Python311\Lib\site-packages\google\api_core\retry\retry_unary.py", line 147, in retry_target
    result = target()
             ^^^^^^^^
  File "C:\Users\Nazmul\AppData\Local\Programs\Python\Python311\Lib\site-packages\google\api_core\timeout.py", line 130, in func_with_timeout
    return func(*args, **kwargs)
           ^^^^^^^^^^^^^^^^^^^^^
  File "C:\Users\Nazmul\AppData\Local\Programs\Python\Python311\Lib\site-packages\google\api_core\grpc_helpers.py", line 78, in error_remapped_callable
    raise exceptions.from_grpc_error(exc) from exc
google.api_core.exceptions.NotFound: 404 models/gemini-pro is not found for API version v1beta, or is not supported for generateContent. Call ListModels to see the list of available models and their supported methods.

During handling of the above exception, another exception occurred:

Traceback (most recent call last):
  File "C:\Users\Nazmul\AppData\Local\Programs\Python\Python311\Lib\site-packages\django\core\handlers\exception.py", line 55, in inner
    response = get_response(request)
               ^^^^^^^^^^^^^^^^^^^^^
  File "C:\Users\Nazmul\AppData\Local\Programs\Python\Python311\Lib\site-packages\django\core\handlers\base.py", line 197, in _get_response
    response = wrapped_callback(request, *callback_args, **callback_kwargs)
               ^^^^^^^^^^^^^^^^^^^^^^^^^^^^^^^^^^^^^^^^^^^^^^^^^^^^^^^^^^^^
  File "C:\Users\Nazmul\AppData\Local\Programs\Python\Python311\Lib\site-packages\django\views\decorators\csrf.py", line 65, in _view_wrapper
    return view_func(request, *args, **kwargs)
           ^^^^^^^^^^^^^^^^^^^^^^^^^^^^^^^^^^^
  File "C:\Users\Nazmul\AppData\Local\Programs\Python\Python311\Lib\site-packages\django\views\generic\base.py", line 105, in view
    return self.dispatch(request, *args, **kwargs)
           ^^^^^^^^^^^^^^^^^^^^^^^^^^^^^^^^^^^^^^^
  File "C:\Users\Nazmul\AppData\Local\Programs\Python\Python311\Lib\site-packages\rest_framework\views.py", line 515, in dispatch
    response = self.handle_exception(exc)
               ^^^^^^^^^^^^^^^^^^^^^^^^^^
  File "C:\Users\Nazmul\AppData\Local\Programs\Python\Python311\Lib\site-packages\rest_framework\views.py", line 475, in handle_exception
    self.raise_uncaught_exception(exc)
  File "C:\Users\Nazmul\AppData\Local\Programs\Python\Python311\Lib\site-packages\rest_framework\views.py", line 486, in raise_uncaught_exception
    raise exc
  File "C:\Users\Nazmul\AppData\Local\Programs\Python\Python311\Lib\site-packages\rest_framework\views.py", line 512, in dispatch
    response = handler(request, *args, **kwargs)
               ^^^^^^^^^^^^^^^^^^^^^^^^^^^^^^^^^
  File "C:\Users\Nazmul\Desktop\chatbot\api\views.py", line 92, in post
    except genai.types.APIError as e:
           ^^^^^^^^^^^^^^^^^^^^
AttributeError: module 'google.generativeai.types' has no attribute 'APIError'
Unauthorized: /api/chat/
Successfully imported extension module "markdown.extensions.toc".
Successfully loaded extension "markdown.extensions.toc.TocExtension".
Method Not Allowed: /api/token/
Successfully imported extension module "markdown.extensions.toc".
Successfully loaded extension "markdown.extensions.toc.TocExtension".
Unauthorized: /api/chat/
Sending query to Gemini API: rer
Internal Server Error: /api/chat/
Traceback (most recent call last):
  File "C:\Users\Nazmul\Desktop\chatbot\api\views.py", line 66, in post
    response = GEMINI_MODEL.generate_content(user_query)
               ^^^^^^^^^^^^^^^^^^^^^^^^^^^^^^^^^^^^^^^^^
  File "C:\Users\Nazmul\AppData\Local\Programs\Python\Python311\Lib\site-packages\google\generativeai\generative_models.py", line 331, in generate_content
    response = self._client.generate_content(
               ^^^^^^^^^^^^^^^^^^^^^^^^^^^^^^
  File "C:\Users\Nazmul\AppData\Local\Programs\Python\Python311\Lib\site-packages\google\ai\generativelanguage_v1beta\services\generative_service\client.py", line 835, in generate_content
    response = rpc(
               ^^^^
  File "C:\Users\Nazmul\AppData\Local\Programs\Python\Python311\Lib\site-packages\google\api_core\gapic_v1\method.py", line 131, in __call__
    return wrapped_func(*args, **kwargs)
           ^^^^^^^^^^^^^^^^^^^^^^^^^^^^^
  File "C:\Users\Nazmul\AppData\Local\Programs\Python\Python311\Lib\site-packages\google\api_core\retry\retry_unary.py", line 294, in retry_wrapped_func
    return retry_target(
           ^^^^^^^^^^^^^
  File "C:\Users\Nazmul\AppData\Local\Programs\Python\Python311\Lib\site-packages\google\api_core\retry\retry_unary.py", line 156, in retry_target
    next_sleep = _retry_error_helper(
                 ^^^^^^^^^^^^^^^^^^^^
  File "C:\Users\Nazmul\AppData\Local\Programs\Python\Python311\Lib\site-packages\google\api_core\retry\retry_base.py", line 214, in _retry_error_helper
    raise final_exc from source_exc
  File "C:\Users\Nazmul\AppData\Local\Programs\Python\Python311\Lib\site-packages\google\api_core\retry\retry_unary.py", line 147, in retry_target
    result = target()
             ^^^^^^^^
  File "C:\Users\Nazmul\AppData\Local\Programs\Python\Python311\Lib\site-packages\google\api_core\timeout.py", line 130, in func_with_timeout
    return func(*args, **kwargs)
           ^^^^^^^^^^^^^^^^^^^^^
  File "C:\Users\Nazmul\AppData\Local\Programs\Python\Python311\Lib\site-packages\google\api_core\grpc_helpers.py", line 78, in error_remapped_callable
    raise exceptions.from_grpc_error(exc) from exc
google.api_core.exceptions.NotFound: 404 models/gemini-pro is not found for API version v1beta, or is not supported for generateContent. Call ListModels to see the list of available models and their supported methods.

During handling of the above exception, another exception occurred:

Traceback (most recent call last):
  File "C:\Users\Nazmul\AppData\Local\Programs\Python\Python311\Lib\site-packages\django\core\handlers\exception.py", line 55, in inner
    response = get_response(request)
               ^^^^^^^^^^^^^^^^^^^^^
  File "C:\Users\Nazmul\AppData\Local\Programs\Python\Python311\Lib\site-packages\django\core\handlers\base.py", line 197, in _get_response
    response = wrapped_callback(request, *callback_args, **callback_kwargs)
               ^^^^^^^^^^^^^^^^^^^^^^^^^^^^^^^^^^^^^^^^^^^^^^^^^^^^^^^^^^^^
  File "C:\Users\Nazmul\AppData\Local\Programs\Python\Python311\Lib\site-packages\django\views\decorators\csrf.py", line 65, in _view_wrapper
    return view_func(request, *args, **kwargs)
           ^^^^^^^^^^^^^^^^^^^^^^^^^^^^^^^^^^^
  File "C:\Users\Nazmul\AppData\Local\Programs\Python\Python311\Lib\site-packages\django\views\generic\base.py", line 105, in view
    return self.dispatch(request, *args, **kwargs)
           ^^^^^^^^^^^^^^^^^^^^^^^^^^^^^^^^^^^^^^^
  File "C:\Users\Nazmul\AppData\Local\Programs\Python\Python311\Lib\site-packages\rest_framework\views.py", line 515, in dispatch
    response = self.handle_exception(exc)
               ^^^^^^^^^^^^^^^^^^^^^^^^^^
  File "C:\Users\Nazmul\AppData\Local\Programs\Python\Python311\Lib\site-packages\rest_framework\views.py", line 475, in handle_exception
    self.raise_uncaught_exception(exc)
  File "C:\Users\Nazmul\AppData\Local\Programs\Python\Python311\Lib\site-packages\rest_framework\views.py", line 486, in raise_uncaught_exception
    raise exc
  File "C:\Users\Nazmul\AppData\Local\Programs\Python\Python311\Lib\site-packages\rest_framework\views.py", line 512, in dispatch
    response = handler(request, *args, **kwargs)
               ^^^^^^^^^^^^^^^^^^^^^^^^^^^^^^^^^
  File "C:\Users\Nazmul\Desktop\chatbot\api\views.py", line 92, in post
    except genai.types.APIError as e:
           ^^^^^^^^^^^^^^^^^^^^
AttributeError: module 'google.generativeai.types' has no attribute 'APIError'
C:\Users\Nazmul\Desktop\chatbot\project\settings.py changed, reloading.
Watching for file changes with StatReloader
Watching for file changes with StatReloader
Unauthorized: /api/chat/history/
Internal Server Error: /api/token/refresh/
Traceback (most recent call last):
  File "C:\Users\Nazmul\AppData\Local\Programs\Python\Python311\Lib\site-packages\django\core\handlers\exception.py", line 55, in inner
    response = get_response(request)
               ^^^^^^^^^^^^^^^^^^^^^
  File "C:\Users\Nazmul\AppData\Local\Programs\Python\Python311\Lib\site-packages\django\core\handlers\base.py", line 197, in _get_response
    response = wrapped_callback(request, *callback_args, **callback_kwargs)
               ^^^^^^^^^^^^^^^^^^^^^^^^^^^^^^^^^^^^^^^^^^^^^^^^^^^^^^^^^^^^
  File "C:\Users\Nazmul\AppData\Local\Programs\Python\Python311\Lib\site-packages\django\views\decorators\csrf.py", line 65, in _view_wrapper
    return view_func(request, *args, **kwargs)
           ^^^^^^^^^^^^^^^^^^^^^^^^^^^^^^^^^^^
  File "C:\Users\Nazmul\AppData\Local\Programs\Python\Python311\Lib\site-packages\django\views\generic\base.py", line 105, in view
    return self.dispatch(request, *args, **kwargs)
           ^^^^^^^^^^^^^^^^^^^^^^^^^^^^^^^^^^^^^^^
  File "C:\Users\Nazmul\AppData\Local\Programs\Python\Python311\Lib\site-packages\rest_framework\views.py", line 515, in dispatch
    response = self.handle_exception(exc)
               ^^^^^^^^^^^^^^^^^^^^^^^^^^
  File "C:\Users\Nazmul\AppData\Local\Programs\Python\Python311\Lib\site-packages\rest_framework\views.py", line 475, in handle_exception
    self.raise_uncaught_exception(exc)
  File "C:\Users\Nazmul\AppData\Local\Programs\Python\Python311\Lib\site-packages\rest_framework\views.py", line 486, in raise_uncaught_exception
    raise exc
  File "C:\Users\Nazmul\AppData\Local\Programs\Python\Python311\Lib\site-packages\rest_framework\views.py", line 512, in dispatch
    response = handler(request, *args, **kwargs)
               ^^^^^^^^^^^^^^^^^^^^^^^^^^^^^^^^^
  File "C:\Users\Nazmul\AppData\Local\Programs\Python\Python311\Lib\site-packages\rest_framework_simplejwt\views.py", line 44, in post
    serializer.is_valid(raise_exception=True)
  File "C:\Users\Nazmul\AppData\Local\Programs\Python\Python311\Lib\site-packages\rest_framework\serializers.py", line 225, in is_valid
    self._validated_data = self.run_validation(self.initial_data)
                           ^^^^^^^^^^^^^^^^^^^^^^^^^^^^^^^^^^^^^^
  File "C:\Users\Nazmul\AppData\Local\Programs\Python\Python311\Lib\site-packages\rest_framework\serializers.py", line 447, in run_validation
    value = self.validate(value)
            ^^^^^^^^^^^^^^^^^^^^
  File "C:\Users\Nazmul\AppData\Local\Programs\Python\Python311\Lib\site-packages\rest_framework_simplejwt\serializers.py", line 141, in validate
    refresh.outstand()
  File "C:\Users\Nazmul\AppData\Local\Programs\Python\Python311\Lib\site-packages\rest_framework_simplejwt\tokens.py", line 222, in outstand
    return OutstandingToken.objects.get_or_create(
           ^^^^^^^^^^^^^^^^^^^^^^^^
AttributeError: type object 'OutstandingToken' has no attribute 'objects'
Sending query to Gemini API: cdf
Internal Server Error: /api/chat/
Traceback (most recent call last):
  File "C:\Users\Nazmul\Desktop\chatbot\api\views.py", line 66, in post
    response = GEMINI_MODEL.generate_content(user_query)
               ^^^^^^^^^^^^^^^^^^^^^^^^^^^^^^^^^^^^^^^^^
  File "C:\Users\Nazmul\AppData\Local\Programs\Python\Python311\Lib\site-packages\google\generativeai\generative_models.py", line 331, in generate_content
    response = self._client.generate_content(
               ^^^^^^^^^^^^^^^^^^^^^^^^^^^^^^
  File "C:\Users\Nazmul\AppData\Local\Programs\Python\Python311\Lib\site-packages\google\ai\generativelanguage_v1beta\services\generative_service\client.py", line 835, in generate_content
    response = rpc(
               ^^^^
  File "C:\Users\Nazmul\AppData\Local\Programs\Python\Python311\Lib\site-packages\google\api_core\gapic_v1\method.py", line 131, in __call__
    return wrapped_func(*args, **kwargs)
           ^^^^^^^^^^^^^^^^^^^^^^^^^^^^^
  File "C:\Users\Nazmul\AppData\Local\Programs\Python\Python311\Lib\site-packages\google\api_core\retry\retry_unary.py", line 294, in retry_wrapped_func
    return retry_target(
           ^^^^^^^^^^^^^
  File "C:\Users\Nazmul\AppData\Local\Programs\Python\Python311\Lib\site-packages\google\api_core\retry\retry_unary.py", line 156, in retry_target
    next_sleep = _retry_error_helper(
                 ^^^^^^^^^^^^^^^^^^^^
  File "C:\Users\Nazmul\AppData\Local\Programs\Python\Python311\Lib\site-packages\google\api_core\retry\retry_base.py", line 214, in _retry_error_helper
    raise final_exc from source_exc
  File "C:\Users\Nazmul\AppData\Local\Programs\Python\Python311\Lib\site-packages\google\api_core\retry\retry_unary.py", line 147, in retry_target
    result = target()
             ^^^^^^^^
  File "C:\Users\Nazmul\AppData\Local\Programs\Python\Python311\Lib\site-packages\google\api_core\timeout.py", line 130, in func_with_timeout
    return func(*args, **kwargs)
           ^^^^^^^^^^^^^^^^^^^^^
  File "C:\Users\Nazmul\AppData\Local\Programs\Python\Python311\Lib\site-packages\google\api_core\grpc_helpers.py", line 78, in error_remapped_callable
    raise exceptions.from_grpc_error(exc) from exc
google.api_core.exceptions.NotFound: 404 models/gemini-pro is not found for API version v1beta, or is not supported for generateContent. Call ListModels to see the list of available models and their supported methods.

During handling of the above exception, another exception occurred:

Traceback (most recent call last):
  File "C:\Users\Nazmul\AppData\Local\Programs\Python\Python311\Lib\site-packages\django\core\handlers\exception.py", line 55, in inner
    response = get_response(request)
               ^^^^^^^^^^^^^^^^^^^^^
  File "C:\Users\Nazmul\AppData\Local\Programs\Python\Python311\Lib\site-packages\django\core\handlers\base.py", line 197, in _get_response
    response = wrapped_callback(request, *callback_args, **callback_kwargs)
               ^^^^^^^^^^^^^^^^^^^^^^^^^^^^^^^^^^^^^^^^^^^^^^^^^^^^^^^^^^^^
  File "C:\Users\Nazmul\AppData\Local\Programs\Python\Python311\Lib\site-packages\django\views\decorators\csrf.py", line 65, in _view_wrapper
    return view_func(request, *args, **kwargs)
           ^^^^^^^^^^^^^^^^^^^^^^^^^^^^^^^^^^^
  File "C:\Users\Nazmul\AppData\Local\Programs\Python\Python311\Lib\site-packages\django\views\generic\base.py", line 105, in view
    return self.dispatch(request, *args, **kwargs)
           ^^^^^^^^^^^^^^^^^^^^^^^^^^^^^^^^^^^^^^^
  File "C:\Users\Nazmul\AppData\Local\Programs\Python\Python311\Lib\site-packages\rest_framework\views.py", line 515, in dispatch
    response = self.handle_exception(exc)
               ^^^^^^^^^^^^^^^^^^^^^^^^^^
  File "C:\Users\Nazmul\AppData\Local\Programs\Python\Python311\Lib\site-packages\rest_framework\views.py", line 475, in handle_exception
    self.raise_uncaught_exception(exc)
  File "C:\Users\Nazmul\AppData\Local\Programs\Python\Python311\Lib\site-packages\rest_framework\views.py", line 486, in raise_uncaught_exception
    raise exc
  File "C:\Users\Nazmul\AppData\Local\Programs\Python\Python311\Lib\site-packages\rest_framework\views.py", line 512, in dispatch
    response = handler(request, *args, **kwargs)
               ^^^^^^^^^^^^^^^^^^^^^^^^^^^^^^^^^
  File "C:\Users\Nazmul\Desktop\chatbot\api\views.py", line 92, in post
    except genai.types.APIError as e:
           ^^^^^^^^^^^^^^^^^^^^
AttributeError: module 'google.generativeai.types' has no attribute 'APIError'
Sending query to Gemini API: fdfd
Internal Server Error: /api/chat/
Traceback (most recent call last):
  File "C:\Users\Nazmul\Desktop\chatbot\api\views.py", line 66, in post
    response = GEMINI_MODEL.generate_content(user_query)
               ^^^^^^^^^^^^^^^^^^^^^^^^^^^^^^^^^^^^^^^^^
  File "C:\Users\Nazmul\AppData\Local\Programs\Python\Python311\Lib\site-packages\google\generativeai\generative_models.py", line 331, in generate_content
    response = self._client.generate_content(
               ^^^^^^^^^^^^^^^^^^^^^^^^^^^^^^
  File "C:\Users\Nazmul\AppData\Local\Programs\Python\Python311\Lib\site-packages\google\ai\generativelanguage_v1beta\services\generative_service\client.py", line 835, in generate_content
    response = rpc(
               ^^^^
  File "C:\Users\Nazmul\AppData\Local\Programs\Python\Python311\Lib\site-packages\google\api_core\gapic_v1\method.py", line 131, in __call__
    return wrapped_func(*args, **kwargs)
           ^^^^^^^^^^^^^^^^^^^^^^^^^^^^^
  File "C:\Users\Nazmul\AppData\Local\Programs\Python\Python311\Lib\site-packages\google\api_core\retry\retry_unary.py", line 294, in retry_wrapped_func
    return retry_target(
           ^^^^^^^^^^^^^
  File "C:\Users\Nazmul\AppData\Local\Programs\Python\Python311\Lib\site-packages\google\api_core\retry\retry_unary.py", line 156, in retry_target
    next_sleep = _retry_error_helper(
                 ^^^^^^^^^^^^^^^^^^^^
  File "C:\Users\Nazmul\AppData\Local\Programs\Python\Python311\Lib\site-packages\google\api_core\retry\retry_base.py", line 214, in _retry_error_helper
    raise final_exc from source_exc
  File "C:\Users\Nazmul\AppData\Local\Programs\Python\Python311\Lib\site-packages\google\api_core\retry\retry_unary.py", line 147, in retry_target
    result = target()
             ^^^^^^^^
  File "C:\Users\Nazmul\AppData\Local\Programs\Python\Python311\Lib\site-packages\google\api_core\timeout.py", line 130, in func_with_timeout
    return func(*args, **kwargs)
           ^^^^^^^^^^^^^^^^^^^^^
  File "C:\Users\Nazmul\AppData\Local\Programs\Python\Python311\Lib\site-packages\google\api_core\grpc_helpers.py", line 78, in error_remapped_callable
    raise exceptions.from_grpc_error(exc) from exc
google.api_core.exceptions.NotFound: 404 models/gemini-pro is not found for API version v1beta, or is not supported for generateContent. Call ListModels to see the list of available models and their supported methods.

During handling of the above exception, another exception occurred:

Traceback (most recent call last):
  File "C:\Users\Nazmul\AppData\Local\Programs\Python\Python311\Lib\site-packages\django\core\handlers\exception.py", line 55, in inner
    response = get_response(request)
               ^^^^^^^^^^^^^^^^^^^^^
  File "C:\Users\Nazmul\AppData\Local\Programs\Python\Python311\Lib\site-packages\django\core\handlers\base.py", line 197, in _get_response
    response = wrapped_callback(request, *callback_args, **callback_kwargs)
               ^^^^^^^^^^^^^^^^^^^^^^^^^^^^^^^^^^^^^^^^^^^^^^^^^^^^^^^^^^^^
  File "C:\Users\Nazmul\AppData\Local\Programs\Python\Python311\Lib\site-packages\django\views\decorators\csrf.py", line 65, in _view_wrapper
    return view_func(request, *args, **kwargs)
           ^^^^^^^^^^^^^^^^^^^^^^^^^^^^^^^^^^^
  File "C:\Users\Nazmul\AppData\Local\Programs\Python\Python311\Lib\site-packages\django\views\generic\base.py", line 105, in view
    return self.dispatch(request, *args, **kwargs)
           ^^^^^^^^^^^^^^^^^^^^^^^^^^^^^^^^^^^^^^^
  File "C:\Users\Nazmul\AppData\Local\Programs\Python\Python311\Lib\site-packages\rest_framework\views.py", line 515, in dispatch
    response = self.handle_exception(exc)
               ^^^^^^^^^^^^^^^^^^^^^^^^^^
  File "C:\Users\Nazmul\AppData\Local\Programs\Python\Python311\Lib\site-packages\rest_framework\views.py", line 475, in handle_exception
    self.raise_uncaught_exception(exc)
  File "C:\Users\Nazmul\AppData\Local\Programs\Python\Python311\Lib\site-packages\rest_framework\views.py", line 486, in raise_uncaught_exception
    raise exc
  File "C:\Users\Nazmul\AppData\Local\Programs\Python\Python311\Lib\site-packages\rest_framework\views.py", line 512, in dispatch
    response = handler(request, *args, **kwargs)
               ^^^^^^^^^^^^^^^^^^^^^^^^^^^^^^^^^
  File "C:\Users\Nazmul\Desktop\chatbot\api\views.py", line 92, in post
    except genai.types.APIError as e:
           ^^^^^^^^^^^^^^^^^^^^
AttributeError: module 'google.generativeai.types' has no attribute 'APIError'
Watching for file changes with StatReloader
Watching for file changes with StatReloader
Sending query to Gemini API: python
Internal Server Error: /api/chat/
Traceback (most recent call last):
  File "C:\Users\Nazmul\Desktop\chatbot\api\views.py", line 66, in post
    response = GEMINI_MODEL.generate_content(user_query)
               ^^^^^^^^^^^^^^^^^^^^^^^^^^^^^^^^^^^^^^^^^
  File "C:\Users\Nazmul\AppData\Local\Programs\Python\Python311\Lib\site-packages\google\generativeai\generative_models.py", line 331, in generate_content
    response = self._client.generate_content(
               ^^^^^^^^^^^^^^^^^^^^^^^^^^^^^^
  File "C:\Users\Nazmul\AppData\Local\Programs\Python\Python311\Lib\site-packages\google\ai\generativelanguage_v1beta\services\generative_service\client.py", line 835, in generate_content
    response = rpc(
               ^^^^
  File "C:\Users\Nazmul\AppData\Local\Programs\Python\Python311\Lib\site-packages\google\api_core\gapic_v1\method.py", line 131, in __call__
    return wrapped_func(*args, **kwargs)
           ^^^^^^^^^^^^^^^^^^^^^^^^^^^^^
  File "C:\Users\Nazmul\AppData\Local\Programs\Python\Python311\Lib\site-packages\google\api_core\retry\retry_unary.py", line 294, in retry_wrapped_func
    return retry_target(
           ^^^^^^^^^^^^^
  File "C:\Users\Nazmul\AppData\Local\Programs\Python\Python311\Lib\site-packages\google\api_core\retry\retry_unary.py", line 156, in retry_target
    next_sleep = _retry_error_helper(
                 ^^^^^^^^^^^^^^^^^^^^
  File "C:\Users\Nazmul\AppData\Local\Programs\Python\Python311\Lib\site-packages\google\api_core\retry\retry_base.py", line 214, in _retry_error_helper
    raise final_exc from source_exc
  File "C:\Users\Nazmul\AppData\Local\Programs\Python\Python311\Lib\site-packages\google\api_core\retry\retry_unary.py", line 147, in retry_target
    result = target()
             ^^^^^^^^
  File "C:\Users\Nazmul\AppData\Local\Programs\Python\Python311\Lib\site-packages\google\api_core\timeout.py", line 130, in func_with_timeout
    return func(*args, **kwargs)
           ^^^^^^^^^^^^^^^^^^^^^
  File "C:\Users\Nazmul\AppData\Local\Programs\Python\Python311\Lib\site-packages\google\api_core\grpc_helpers.py", line 78, in error_remapped_callable
    raise exceptions.from_grpc_error(exc) from exc
google.api_core.exceptions.NotFound: 404 models/gemini-pro is not found for API version v1beta, or is not supported for generateContent. Call ListModels to see the list of available models and their supported methods.

During handling of the above exception, another exception occurred:

Traceback (most recent call last):
  File "C:\Users\Nazmul\AppData\Local\Programs\Python\Python311\Lib\site-packages\django\core\handlers\exception.py", line 55, in inner
    response = get_response(request)
               ^^^^^^^^^^^^^^^^^^^^^
  File "C:\Users\Nazmul\AppData\Local\Programs\Python\Python311\Lib\site-packages\django\core\handlers\base.py", line 197, in _get_response
    response = wrapped_callback(request, *callback_args, **callback_kwargs)
               ^^^^^^^^^^^^^^^^^^^^^^^^^^^^^^^^^^^^^^^^^^^^^^^^^^^^^^^^^^^^
  File "C:\Users\Nazmul\AppData\Local\Programs\Python\Python311\Lib\site-packages\django\views\decorators\csrf.py", line 65, in _view_wrapper
    return view_func(request, *args, **kwargs)
           ^^^^^^^^^^^^^^^^^^^^^^^^^^^^^^^^^^^
  File "C:\Users\Nazmul\AppData\Local\Programs\Python\Python311\Lib\site-packages\django\views\generic\base.py", line 105, in view
    return self.dispatch(request, *args, **kwargs)
           ^^^^^^^^^^^^^^^^^^^^^^^^^^^^^^^^^^^^^^^
  File "C:\Users\Nazmul\AppData\Local\Programs\Python\Python311\Lib\site-packages\rest_framework\views.py", line 515, in dispatch
    response = self.handle_exception(exc)
               ^^^^^^^^^^^^^^^^^^^^^^^^^^
  File "C:\Users\Nazmul\AppData\Local\Programs\Python\Python311\Lib\site-packages\rest_framework\views.py", line 475, in handle_exception
    self.raise_uncaught_exception(exc)
  File "C:\Users\Nazmul\AppData\Local\Programs\Python\Python311\Lib\site-packages\rest_framework\views.py", line 486, in raise_uncaught_exception
    raise exc
  File "C:\Users\Nazmul\AppData\Local\Programs\Python\Python311\Lib\site-packages\rest_framework\views.py", line 512, in dispatch
    response = handler(request, *args, **kwargs)
               ^^^^^^^^^^^^^^^^^^^^^^^^^^^^^^^^^
  File "C:\Users\Nazmul\Desktop\chatbot\api\views.py", line 92, in post
    except genai.types.APIError as e:
           ^^^^^^^^^^^^^^^^^^^^
AttributeError: module 'google.generativeai.types' has no attribute 'APIError'
Watching for file changes with StatReloader
Not Found: /favicon.ico
Unauthorized: /api/chat/history/
Internal Server Error: /api/token/refresh/
Traceback (most recent call last):
  File "C:\Users\Nazmul\AppData\Local\Programs\Python\Python311\Lib\site-packages\django\core\handlers\exception.py", line 55, in inner
    response = get_response(request)
               ^^^^^^^^^^^^^^^^^^^^^
  File "C:\Users\Nazmul\AppData\Local\Programs\Python\Python311\Lib\site-packages\django\core\handlers\base.py", line 197, in _get_response
    response = wrapped_callback(request, *callback_args, **callback_kwargs)
               ^^^^^^^^^^^^^^^^^^^^^^^^^^^^^^^^^^^^^^^^^^^^^^^^^^^^^^^^^^^^
  File "C:\Users\Nazmul\AppData\Local\Programs\Python\Python311\Lib\site-packages\django\views\decorators\csrf.py", line 65, in _view_wrapper
    return view_func(request, *args, **kwargs)
           ^^^^^^^^^^^^^^^^^^^^^^^^^^^^^^^^^^^
  File "C:\Users\Nazmul\AppData\Local\Programs\Python\Python311\Lib\site-packages\django\views\generic\base.py", line 105, in view
    return self.dispatch(request, *args, **kwargs)
           ^^^^^^^^^^^^^^^^^^^^^^^^^^^^^^^^^^^^^^^
  File "C:\Users\Nazmul\AppData\Local\Programs\Python\Python311\Lib\site-packages\rest_framework\views.py", line 515, in dispatch
    response = self.handle_exception(exc)
               ^^^^^^^^^^^^^^^^^^^^^^^^^^
  File "C:\Users\Nazmul\AppData\Local\Programs\Python\Python311\Lib\site-packages\rest_framework\views.py", line 475, in handle_exception
    self.raise_uncaught_exception(exc)
  File "C:\Users\Nazmul\AppData\Local\Programs\Python\Python311\Lib\site-packages\rest_framework\views.py", line 486, in raise_uncaught_exception
    raise exc
  File "C:\Users\Nazmul\AppData\Local\Programs\Python\Python311\Lib\site-packages\rest_framework\views.py", line 512, in dispatch
    response = handler(request, *args, **kwargs)
               ^^^^^^^^^^^^^^^^^^^^^^^^^^^^^^^^^
  File "C:\Users\Nazmul\AppData\Local\Programs\Python\Python311\Lib\site-packages\rest_framework_simplejwt\views.py", line 44, in post
    serializer.is_valid(raise_exception=True)
  File "C:\Users\Nazmul\AppData\Local\Programs\Python\Python311\Lib\site-packages\rest_framework\serializers.py", line 225, in is_valid
    self._validated_data = self.run_validation(self.initial_data)
                           ^^^^^^^^^^^^^^^^^^^^^^^^^^^^^^^^^^^^^^
  File "C:\Users\Nazmul\AppData\Local\Programs\Python\Python311\Lib\site-packages\rest_framework\serializers.py", line 447, in run_validation
    value = self.validate(value)
            ^^^^^^^^^^^^^^^^^^^^
  File "C:\Users\Nazmul\AppData\Local\Programs\Python\Python311\Lib\site-packages\rest_framework_simplejwt\serializers.py", line 141, in validate
    refresh.outstand()
  File "C:\Users\Nazmul\AppData\Local\Programs\Python\Python311\Lib\site-packages\rest_framework_simplejwt\tokens.py", line 222, in outstand
    return OutstandingToken.objects.get_or_create(
           ^^^^^^^^^^^^^^^^^^^^^^^^
AttributeError: type object 'OutstandingToken' has no attribute 'objects'
Sending query to Gemini API: hai
Internal Server Error: /api/chat/
Traceback (most recent call last):
  File "C:\Users\Nazmul\Desktop\chatbot\api\views.py", line 66, in post
    response = GEMINI_MODEL.generate_content(user_query)
               ^^^^^^^^^^^^^^^^^^^^^^^^^^^^^^^^^^^^^^^^^
  File "C:\Users\Nazmul\AppData\Local\Programs\Python\Python311\Lib\site-packages\google\generativeai\generative_models.py", line 331, in generate_content
    response = self._client.generate_content(
               ^^^^^^^^^^^^^^^^^^^^^^^^^^^^^^
  File "C:\Users\Nazmul\AppData\Local\Programs\Python\Python311\Lib\site-packages\google\ai\generativelanguage_v1beta\services\generative_service\client.py", line 835, in generate_content
    response = rpc(
               ^^^^
  File "C:\Users\Nazmul\AppData\Local\Programs\Python\Python311\Lib\site-packages\google\api_core\gapic_v1\method.py", line 131, in __call__
    return wrapped_func(*args, **kwargs)
           ^^^^^^^^^^^^^^^^^^^^^^^^^^^^^
  File "C:\Users\Nazmul\AppData\Local\Programs\Python\Python311\Lib\site-packages\google\api_core\retry\retry_unary.py", line 294, in retry_wrapped_func
    return retry_target(
           ^^^^^^^^^^^^^
  File "C:\Users\Nazmul\AppData\Local\Programs\Python\Python311\Lib\site-packages\google\api_core\retry\retry_unary.py", line 156, in retry_target
    next_sleep = _retry_error_helper(
                 ^^^^^^^^^^^^^^^^^^^^
  File "C:\Users\Nazmul\AppData\Local\Programs\Python\Python311\Lib\site-packages\google\api_core\retry\retry_base.py", line 214, in _retry_error_helper
    raise final_exc from source_exc
  File "C:\Users\Nazmul\AppData\Local\Programs\Python\Python311\Lib\site-packages\google\api_core\retry\retry_unary.py", line 147, in retry_target
    result = target()
             ^^^^^^^^
  File "C:\Users\Nazmul\AppData\Local\Programs\Python\Python311\Lib\site-packages\google\api_core\timeout.py", line 130, in func_with_timeout
    return func(*args, **kwargs)
           ^^^^^^^^^^^^^^^^^^^^^
  File "C:\Users\Nazmul\AppData\Local\Programs\Python\Python311\Lib\site-packages\google\api_core\grpc_helpers.py", line 78, in error_remapped_callable
    raise exceptions.from_grpc_error(exc) from exc
google.api_core.exceptions.NotFound: 404 models/gemini-pro is not found for API version v1beta, or is not supported for generateContent. Call ListModels to see the list of available models and their supported methods.

During handling of the above exception, another exception occurred:

Traceback (most recent call last):
  File "C:\Users\Nazmul\AppData\Local\Programs\Python\Python311\Lib\site-packages\django\core\handlers\exception.py", line 55, in inner
    response = get_response(request)
               ^^^^^^^^^^^^^^^^^^^^^
  File "C:\Users\Nazmul\AppData\Local\Programs\Python\Python311\Lib\site-packages\django\core\handlers\base.py", line 197, in _get_response
    response = wrapped_callback(request, *callback_args, **callback_kwargs)
               ^^^^^^^^^^^^^^^^^^^^^^^^^^^^^^^^^^^^^^^^^^^^^^^^^^^^^^^^^^^^
  File "C:\Users\Nazmul\AppData\Local\Programs\Python\Python311\Lib\site-packages\django\views\decorators\csrf.py", line 65, in _view_wrapper
    return view_func(request, *args, **kwargs)
           ^^^^^^^^^^^^^^^^^^^^^^^^^^^^^^^^^^^
  File "C:\Users\Nazmul\AppData\Local\Programs\Python\Python311\Lib\site-packages\django\views\generic\base.py", line 105, in view
    return self.dispatch(request, *args, **kwargs)
           ^^^^^^^^^^^^^^^^^^^^^^^^^^^^^^^^^^^^^^^
  File "C:\Users\Nazmul\AppData\Local\Programs\Python\Python311\Lib\site-packages\rest_framework\views.py", line 515, in dispatch
    response = self.handle_exception(exc)
               ^^^^^^^^^^^^^^^^^^^^^^^^^^
  File "C:\Users\Nazmul\AppData\Local\Programs\Python\Python311\Lib\site-packages\rest_framework\views.py", line 475, in handle_exception
    self.raise_uncaught_exception(exc)
  File "C:\Users\Nazmul\AppData\Local\Programs\Python\Python311\Lib\site-packages\rest_framework\views.py", line 486, in raise_uncaught_exception
    raise exc
  File "C:\Users\Nazmul\AppData\Local\Programs\Python\Python311\Lib\site-packages\rest_framework\views.py", line 512, in dispatch
    response = handler(request, *args, **kwargs)
               ^^^^^^^^^^^^^^^^^^^^^^^^^^^^^^^^^
  File "C:\Users\Nazmul\Desktop\chatbot\api\views.py", line 92, in post
    except genai.types.APIError as e:
           ^^^^^^^^^^^^^^^^^^^^
AttributeError: module 'google.generativeai.types' has no attribute 'APIError'
Unauthorized: /api/chat/
Unauthorized: /api/chat/
C:\Users\Nazmul\Desktop\chatbot\api\views.py changed, reloading.
Watching for file changes with StatReloader
Internal Server Error: /api/chat/
Traceback (most recent call last):
  File "C:\Users\Nazmul\Desktop\chatbot\api\views.py", line 66, in post
    response = GEMINI_MODEL.generate_content(user_query)
               ^^^^^^^^^^^^^^^^^^^^^^^^^^^^^^^^^^^^^^^^^
  File "C:\Users\Nazmul\AppData\Local\Programs\Python\Python311\Lib\site-packages\google\generativeai\generative_models.py", line 331, in generate_content
    response = self._client.generate_content(
               ^^^^^^^^^^^^^^^^^^^^^^^^^^^^^^
  File "C:\Users\Nazmul\AppData\Local\Programs\Python\Python311\Lib\site-packages\google\ai\generativelanguage_v1beta\services\generative_service\client.py", line 835, in generate_content
    response = rpc(
               ^^^^
  File "C:\Users\Nazmul\AppData\Local\Programs\Python\Python311\Lib\site-packages\google\api_core\gapic_v1\method.py", line 131, in __call__
    return wrapped_func(*args, **kwargs)
           ^^^^^^^^^^^^^^^^^^^^^^^^^^^^^
  File "C:\Users\Nazmul\AppData\Local\Programs\Python\Python311\Lib\site-packages\google\api_core\retry\retry_unary.py", line 294, in retry_wrapped_func
    return retry_target(
           ^^^^^^^^^^^^^
  File "C:\Users\Nazmul\AppData\Local\Programs\Python\Python311\Lib\site-packages\google\api_core\retry\retry_unary.py", line 156, in retry_target
    next_sleep = _retry_error_helper(
                 ^^^^^^^^^^^^^^^^^^^^
  File "C:\Users\Nazmul\AppData\Local\Programs\Python\Python311\Lib\site-packages\google\api_core\retry\retry_base.py", line 214, in _retry_error_helper
    raise final_exc from source_exc
  File "C:\Users\Nazmul\AppData\Local\Programs\Python\Python311\Lib\site-packages\google\api_core\retry\retry_unary.py", line 147, in retry_target
    result = target()
             ^^^^^^^^
  File "C:\Users\Nazmul\AppData\Local\Programs\Python\Python311\Lib\site-packages\google\api_core\timeout.py", line 130, in func_with_timeout
    return func(*args, **kwargs)
           ^^^^^^^^^^^^^^^^^^^^^
  File "C:\Users\Nazmul\AppData\Local\Programs\Python\Python311\Lib\site-packages\google\api_core\grpc_helpers.py", line 78, in error_remapped_callable
    raise exceptions.from_grpc_error(exc) from exc
google.api_core.exceptions.NotFound: 404 models/gemini-pro is not found for API version v1beta, or is not supported for generateContent. Call ListModels to see the list of available models and their supported methods.

During handling of the above exception, another exception occurred:

Traceback (most recent call last):
  File "C:\Users\Nazmul\AppData\Local\Programs\Python\Python311\Lib\site-packages\django\core\handlers\exception.py", line 55, in inner
    response = get_response(request)
               ^^^^^^^^^^^^^^^^^^^^^
  File "C:\Users\Nazmul\AppData\Local\Programs\Python\Python311\Lib\site-packages\django\core\handlers\base.py", line 197, in _get_response
    response = wrapped_callback(request, *callback_args, **callback_kwargs)
               ^^^^^^^^^^^^^^^^^^^^^^^^^^^^^^^^^^^^^^^^^^^^^^^^^^^^^^^^^^^^
  File "C:\Users\Nazmul\AppData\Local\Programs\Python\Python311\Lib\site-packages\django\views\decorators\csrf.py", line 65, in _view_wrapper
    return view_func(request, *args, **kwargs)
           ^^^^^^^^^^^^^^^^^^^^^^^^^^^^^^^^^^^
  File "C:\Users\Nazmul\AppData\Local\Programs\Python\Python311\Lib\site-packages\django\views\generic\base.py", line 105, in view
    return self.dispatch(request, *args, **kwargs)
           ^^^^^^^^^^^^^^^^^^^^^^^^^^^^^^^^^^^^^^^
  File "C:\Users\Nazmul\AppData\Local\Programs\Python\Python311\Lib\site-packages\rest_framework\views.py", line 515, in dispatch
    response = self.handle_exception(exc)
               ^^^^^^^^^^^^^^^^^^^^^^^^^^
  File "C:\Users\Nazmul\AppData\Local\Programs\Python\Python311\Lib\site-packages\rest_framework\views.py", line 475, in handle_exception
    self.raise_uncaught_exception(exc)
  File "C:\Users\Nazmul\AppData\Local\Programs\Python\Python311\Lib\site-packages\rest_framework\views.py", line 486, in raise_uncaught_exception
    raise exc
  File "C:\Users\Nazmul\AppData\Local\Programs\Python\Python311\Lib\site-packages\rest_framework\views.py", line 512, in dispatch
    response = handler(request, *args, **kwargs)
               ^^^^^^^^^^^^^^^^^^^^^^^^^^^^^^^^^
  File "C:\Users\Nazmul\Desktop\chatbot\api\views.py", line 94, in post
    except genai.APIError as e:
          ^^^^^^^^^^^^^^
AttributeError: module 'google.generativeai' has no attribute 'APIError'
C:\Users\Nazmul\Desktop\chatbot\api\views.py changed, reloading.
Watching for file changes with StatReloader
Gemini API Call Error: 404 models/gemini-pro is not found for API version v1beta, or is not supported for generateContent. Call ListModels to see the list of available models and their supported methods.
Traceback (most recent call last):
  File "C:\Users\Nazmul\Desktop\chatbot\api\views.py", line 62, in post
    response = GEMINI_MODEL.generate_content(user_query)
               ^^^^^^^^^^^^^^^^^^^^^^^^^^^^^^^^^^^^^^^^^
  File "C:\Users\Nazmul\AppData\Local\Programs\Python\Python311\Lib\site-packages\google\generativeai\generative_models.py", line 331, in generate_content
    response = self._client.generate_content(
               ^^^^^^^^^^^^^^^^^^^^^^^^^^^^^^
  File "C:\Users\Nazmul\AppData\Local\Programs\Python\Python311\Lib\site-packages\google\ai\generativelanguage_v1beta\services\generative_service\client.py", line 835, in generate_content
    response = rpc(
               ^^^^
  File "C:\Users\Nazmul\AppData\Local\Programs\Python\Python311\Lib\site-packages\google\api_core\gapic_v1\method.py", line 131, in __call__
    return wrapped_func(*args, **kwargs)
           ^^^^^^^^^^^^^^^^^^^^^^^^^^^^^
  File "C:\Users\Nazmul\AppData\Local\Programs\Python\Python311\Lib\site-packages\google\api_core\retry\retry_unary.py", line 294, in retry_wrapped_func
    return retry_target(
           ^^^^^^^^^^^^^
  File "C:\Users\Nazmul\AppData\Local\Programs\Python\Python311\Lib\site-packages\google\api_core\retry\retry_unary.py", line 156, in retry_target
    next_sleep = _retry_error_helper(
                 ^^^^^^^^^^^^^^^^^^^^
  File "C:\Users\Nazmul\AppData\Local\Programs\Python\Python311\Lib\site-packages\google\api_core\retry\retry_base.py", line 214, in _retry_error_helper
    raise final_exc from source_exc
  File "C:\Users\Nazmul\AppData\Local\Programs\Python\Python311\Lib\site-packages\google\api_core\retry\retry_unary.py", line 147, in retry_target
    result = target()
             ^^^^^^^^
  File "C:\Users\Nazmul\AppData\Local\Programs\Python\Python311\Lib\site-packages\google\api_core\timeout.py", line 130, in func_with_timeout
    return func(*args, **kwargs)
           ^^^^^^^^^^^^^^^^^^^^^
  File "C:\Users\Nazmul\AppData\Local\Programs\Python\Python311\Lib\site-packages\google\api_core\grpc_helpers.py", line 78, in error_remapped_callable
    raise exceptions.from_grpc_error(exc) from exc
google.api_core.exceptions.NotFound: 404 models/gemini-pro is not found for API version v1beta, or is not supported for generateContent. Call ListModels to see the list of available models and their supported methods.
Internal Server Error: /api/chat/
C:\Users\Nazmul\Desktop\chatbot\api\views.py changed, reloading.
Watching for file changes with StatReloader
C:\Users\Nazmul\Desktop\chatbot\project\settings.py changed, reloading.
Watching for file changes with StatReloader
Watching for file changes with StatReloader
C:\Users\Nazmul\Desktop\chatbot\project\settings.py changed, reloading.
Watching for file changes with StatReloader
Gemini API Call Error: 404 models/gemini-pro is not found for API version v1beta, or is not supported for generateContent. Call ListModels to see the list of available models and their supported methods.
Traceback (most recent call last):
  File "C:\Users\Nazmul\Desktop\chatbot\api\views.py", line 94, in post
    response = GEMINI_MODEL.generate_content(user_query)
               ^^^^^^^^^^^^^^^^^^^^^^^^^^^^^^^^^^^^^^^^^
  File "C:\Users\Nazmul\AppData\Local\Programs\Python\Python311\Lib\site-packages\google\generativeai\generative_models.py", line 331, in generate_content
    response = self._client.generate_content(
               ^^^^^^^^^^^^^^^^^^^^^^^^^^^^^^
  File "C:\Users\Nazmul\AppData\Local\Programs\Python\Python311\Lib\site-packages\google\ai\generativelanguage_v1beta\services\generative_service\client.py", line 835, in generate_content
    response = rpc(
               ^^^^
  File "C:\Users\Nazmul\AppData\Local\Programs\Python\Python311\Lib\site-packages\google\api_core\gapic_v1\method.py", line 131, in __call__
    return wrapped_func(*args, **kwargs)
           ^^^^^^^^^^^^^^^^^^^^^^^^^^^^^
  File "C:\Users\Nazmul\AppData\Local\Programs\Python\Python311\Lib\site-packages\google\api_core\retry\retry_unary.py", line 294, in retry_wrapped_func
    return retry_target(
           ^^^^^^^^^^^^^
  File "C:\Users\Nazmul\AppData\Local\Programs\Python\Python311\Lib\site-packages\google\api_core\retry\retry_unary.py", line 156, in retry_target
    next_sleep = _retry_error_helper(
                 ^^^^^^^^^^^^^^^^^^^^
  File "C:\Users\Nazmul\AppData\Local\Programs\Python\Python311\Lib\site-packages\google\api_core\retry\retry_base.py", line 214, in _retry_error_helper
    raise final_exc from source_exc
  File "C:\Users\Nazmul\AppData\Local\Programs\Python\Python311\Lib\site-packages\google\api_core\retry\retry_unary.py", line 147, in retry_target
    result = target()
             ^^^^^^^^
  File "C:\Users\Nazmul\AppData\Local\Programs\Python\Python311\Lib\site-packages\google\api_core\timeout.py", line 130, in func_with_timeout
    return func(*args, **kwargs)
           ^^^^^^^^^^^^^^^^^^^^^
  File "C:\Users\Nazmul\AppData\Local\Programs\Python\Python311\Lib\site-packages\google\api_core\grpc_helpers.py", line 78, in error_remapped_callable
    raise exceptions.from_grpc_error(exc) from exc
google.api_core.exceptions.NotFound: 404 models/gemini-pro is not found for API version v1beta, or is not supported for generateContent. Call ListModels to see the list of available models and their supported methods.
Internal Server Error: /api/chat/
Watching for file changes with StatReloader
Gemini API Call Error: 404 models/gemini-pro is not found for API version v1beta, or is not supported for generateContent. Call ListModels to see the list of available models and their supported methods.
Traceback (most recent call last):
  File "C:\Users\Nazmul\Desktop\chatbot\api\views.py", line 94, in post
    response = GEMINI_MODEL.generate_content(user_query)
               ^^^^^^^^^^^^^^^^^^^^^^^^^^^^^^^^^^^^^^^^^
  File "C:\Users\Nazmul\AppData\Local\Programs\Python\Python311\Lib\site-packages\google\generativeai\generative_models.py", line 331, in generate_content
    response = self._client.generate_content(
               ^^^^^^^^^^^^^^^^^^^^^^^^^^^^^^
  File "C:\Users\Nazmul\AppData\Local\Programs\Python\Python311\Lib\site-packages\google\ai\generativelanguage_v1beta\services\generative_service\client.py", line 835, in generate_content
    response = rpc(
               ^^^^
  File "C:\Users\Nazmul\AppData\Local\Programs\Python\Python311\Lib\site-packages\google\api_core\gapic_v1\method.py", line 131, in __call__
    return wrapped_func(*args, **kwargs)
           ^^^^^^^^^^^^^^^^^^^^^^^^^^^^^
  File "C:\Users\Nazmul\AppData\Local\Programs\Python\Python311\Lib\site-packages\google\api_core\retry\retry_unary.py", line 294, in retry_wrapped_func
    return retry_target(
           ^^^^^^^^^^^^^
  File "C:\Users\Nazmul\AppData\Local\Programs\Python\Python311\Lib\site-packages\google\api_core\retry\retry_unary.py", line 156, in retry_target
    next_sleep = _retry_error_helper(
                 ^^^^^^^^^^^^^^^^^^^^
  File "C:\Users\Nazmul\AppData\Local\Programs\Python\Python311\Lib\site-packages\google\api_core\retry\retry_base.py", line 214, in _retry_error_helper
    raise final_exc from source_exc
  File "C:\Users\Nazmul\AppData\Local\Programs\Python\Python311\Lib\site-packages\google\api_core\retry\retry_unary.py", line 147, in retry_target
    result = target()
             ^^^^^^^^
  File "C:\Users\Nazmul\AppData\Local\Programs\Python\Python311\Lib\site-packages\google\api_core\timeout.py", line 130, in func_with_timeout
    return func(*args, **kwargs)
           ^^^^^^^^^^^^^^^^^^^^^
  File "C:\Users\Nazmul\AppData\Local\Programs\Python\Python311\Lib\site-packages\google\api_core\grpc_helpers.py", line 78, in error_remapped_callable
    raise exceptions.from_grpc_error(exc) from exc
google.api_core.exceptions.NotFound: 404 models/gemini-pro is not found for API version v1beta, or is not supported for generateContent. Call ListModels to see the list of available models and their supported methods.
Internal Server Error: /api/chat/
Watching for file changes with StatReloader
Chat interaction saved for user: nazmul
Chat interaction saved for user: nazmul
Chat interaction saved for user: nazmul
Chat interaction saved for user: nazmul
Chat interaction saved for user: nazmul
Chat interaction saved for user: nazmul
Chat interaction saved for user: nazmul
Chat interaction saved for user: nazmul
Chat interaction saved for user: nazmul
Watching for file changes with StatReloader
Chat interaction saved for user: nazmul
Chat interaction saved for user: nazmul
Chat interaction saved for user: nazmul
C:\Users\Nazmul\Desktop\chatbot\project\settings.py changed, reloading.
INFO 2025-07-02 07:21:49,918 autoreload 11692 5564 Watching for file changes with StatReloader
INFO 2025-07-02 07:22:03,369 basehttp 11692 21296 "GET / HTTP/1.1" 200 16560
INFO 2025-07-02 07:22:03,485 basehttp 11692 21296 "GET /api/chat/history/ HTTP/1.1" 200 19058
INFO 2025-07-02 07:22:09,442 views 11692 21296 Chat interaction saved for user: nazmul
INFO 2025-07-02 07:22:09,442 basehttp 11692 21296 "POST /api/chat/ HTTP/1.1" 200 171
INFO 2025-07-02 07:23:30,030 views 11692 5444 Sending query to Gemini API: hello
INFO 2025-07-02 07:23:30,765 views 11692 5444 Chat interaction saved for user: nazmul
INFO 2025-07-02 07:23:30,765 basehttp 11692 5444 "POST /api/chat/ HTTP/1.1" 200 122
INFO 2025-07-02 07:23:56,411 autoreload 11048 3100 Watching for file changes with StatReloader
INFO 2025-07-02 07:24:03,088 basehttp 11048 9876 "GET / HTTP/1.1" 200 16560
INFO 2025-07-02 07:24:03,396 basehttp 11048 9876 "GET /api/chat/history/ HTTP/1.1" 200 19353
INFO 2025-07-02 07:24:25,651 basehttp 11048 9876 "GET / HTTP/1.1" 200 16560
INFO 2025-07-02 07:24:25,684 basehttp 11048 9876 "GET /api/chat/history/ HTTP/1.1" 200 19353
INFO 2025-07-02 07:24:32,596 views 11048 9876 Sending query to Gemini API: hi
INFO 2025-07-02 07:24:34,751 views 11048 9876 Chat interaction saved for user: nazmul
INFO 2025-07-02 07:24:34,751 basehttp 11048 9876 "POST /api/chat/ HTTP/1.1" 200 116
INFO 2025-07-02 07:24:37,033 views 11048 9876 Sending query to Gemini API: hello
INFO 2025-07-02 07:24:37,711 views 11048 9876 Chat interaction saved for user: nazmul
INFO 2025-07-02 07:24:37,711 basehttp 11048 9876 "POST /api/chat/ HTTP/1.1" 200 122
INFO 2025-07-02 07:24:39,571 views 11048 12548 Sending query to Gemini API: hello
INFO 2025-07-02 07:24:40,184 views 11048 12548 Chat interaction saved for user: nazmul
INFO 2025-07-02 07:24:40,199 basehttp 11048 12548 "POST /api/chat/ HTTP/1.1" 200 122
INFO 2025-07-02 07:31:58,157 autoreload 11048 3100 C:\Users\Nazmul\Desktop\chatbot\project\settings.py changed, reloading.
INFO 2025-07-02 07:33:07,002 autoreload 6792 4252 Watching for file changes with StatReloader
INFO 2025-07-02 07:33:31,135 views 6792 18272 Sending query to Gemini API: hai
INFO 2025-07-02 07:33:33,744 views 6792 18272 Chat interaction saved for user: nazmul
INFO 2025-07-02 07:33:33,744 basehttp 6792 18272 "POST /api/chat/ HTTP/1.1" 200 117
INFO 2025-07-02 07:41:18,209 views 6792 5472 Sending query to Gemini API: hhi
INFO 2025-07-02 07:41:20,569 views 6792 5472 Chat interaction saved for user: nazmul
INFO 2025-07-02 07:41:20,570 basehttp 6792 5472 "POST /api/chat/ HTTP/1.1" 200 140
INFO 2025-07-02 07:41:32,099 views 6792 5472 Sending query to Gemini API: himel love you
INFO 2025-07-02 07:41:33,753 views 6792 5472 Chat interaction saved for user: nazmul
INFO 2025-07-02 07:41:33,754 basehttp 6792 5472 "POST /api/chat/ HTTP/1.1" 200 157
WARNING 2025-07-02 07:44:32,505 log 6792 4400 Unauthorized: /api/chat/
WARNING 2025-07-02 07:44:32,506 basehttp 6792 4400 "POST /api/chat/ HTTP/1.1" 401 172
ERROR 2025-07-02 07:44:32,553 log 6792 4400 Internal Server Error: /api/token/refresh/
Traceback (most recent call last):
  File "C:\Users\Nazmul\AppData\Local\Programs\Python\Python311\Lib\site-packages\django\core\handlers\exception.py", line 55, in inner
    response = get_response(request)
               ^^^^^^^^^^^^^^^^^^^^^
  File "C:\Users\Nazmul\AppData\Local\Programs\Python\Python311\Lib\site-packages\django\core\handlers\base.py", line 197, in _get_response
    response = wrapped_callback(request, *callback_args, **callback_kwargs)
               ^^^^^^^^^^^^^^^^^^^^^^^^^^^^^^^^^^^^^^^^^^^^^^^^^^^^^^^^^^^^
  File "C:\Users\Nazmul\AppData\Local\Programs\Python\Python311\Lib\site-packages\django\views\decorators\csrf.py", line 65, in _view_wrapper
    return view_func(request, *args, **kwargs)
           ^^^^^^^^^^^^^^^^^^^^^^^^^^^^^^^^^^^
  File "C:\Users\Nazmul\AppData\Local\Programs\Python\Python311\Lib\site-packages\django\views\generic\base.py", line 105, in view
    return self.dispatch(request, *args, **kwargs)
           ^^^^^^^^^^^^^^^^^^^^^^^^^^^^^^^^^^^^^^^
  File "C:\Users\Nazmul\AppData\Local\Programs\Python\Python311\Lib\site-packages\rest_framework\views.py", line 515, in dispatch
    response = self.handle_exception(exc)
               ^^^^^^^^^^^^^^^^^^^^^^^^^^
  File "C:\Users\Nazmul\AppData\Local\Programs\Python\Python311\Lib\site-packages\rest_framework\views.py", line 475, in handle_exception
    self.raise_uncaught_exception(exc)
  File "C:\Users\Nazmul\AppData\Local\Programs\Python\Python311\Lib\site-packages\rest_framework\views.py", line 486, in raise_uncaught_exception
    raise exc
  File "C:\Users\Nazmul\AppData\Local\Programs\Python\Python311\Lib\site-packages\rest_framework\views.py", line 512, in dispatch
    response = handler(request, *args, **kwargs)
               ^^^^^^^^^^^^^^^^^^^^^^^^^^^^^^^^^
  File "C:\Users\Nazmul\AppData\Local\Programs\Python\Python311\Lib\site-packages\rest_framework_simplejwt\views.py", line 44, in post
    serializer.is_valid(raise_exception=True)
  File "C:\Users\Nazmul\AppData\Local\Programs\Python\Python311\Lib\site-packages\rest_framework\serializers.py", line 225, in is_valid
    self._validated_data = self.run_validation(self.initial_data)
                           ^^^^^^^^^^^^^^^^^^^^^^^^^^^^^^^^^^^^^^
  File "C:\Users\Nazmul\AppData\Local\Programs\Python\Python311\Lib\site-packages\rest_framework\serializers.py", line 447, in run_validation
    value = self.validate(value)
            ^^^^^^^^^^^^^^^^^^^^
  File "C:\Users\Nazmul\AppData\Local\Programs\Python\Python311\Lib\site-packages\rest_framework_simplejwt\serializers.py", line 141, in validate
    refresh.outstand()
  File "C:\Users\Nazmul\AppData\Local\Programs\Python\Python311\Lib\site-packages\rest_framework_simplejwt\tokens.py", line 222, in outstand
    return OutstandingToken.objects.get_or_create(
           ^^^^^^^^^^^^^^^^^^^^^^^^
AttributeError: type object 'OutstandingToken' has no attribute 'objects'
ERROR 2025-07-02 07:44:32,569 basehttp 6792 4400 "POST /api/token/refresh/ HTTP/1.1" 500 118389
INFO 2025-07-02 07:44:41,897 basehttp 6792 4400 "POST /api/token/ HTTP/1.1" 200 483
INFO 2025-07-02 07:44:41,915 basehttp 6792 4400 "GET /api/chat/history/ HTTP/1.1" 200 20133
INFO 2025-07-02 07:44:45,630 views 6792 4400 Sending query to Gemini API: hello
INFO 2025-07-02 07:44:46,315 views 6792 4400 Chat interaction saved for user: nazmul
INFO 2025-07-02 07:44:46,315 basehttp 6792 4400 "POST /api/chat/ HTTP/1.1" 200 122
INFO 2025-07-02 07:45:02,198 views 6792 4400 Sending query to Gemini API: i need some movie name
INFO 2025-07-02 07:45:03,630 views 6792 4400 Chat interaction saved for user: nazmul
INFO 2025-07-02 07:45:03,644 basehttp 6792 4400 "POST /api/chat/ HTTP/1.1" 200 622
INFO 2025-07-02 07:45:26,740 views 6792 4400 Sending query to Gemini API: give dark movie name
INFO 2025-07-02 07:45:27,881 views 6792 4400 Chat interaction saved for user: nazmul
INFO 2025-07-02 07:45:27,881 basehttp 6792 4400 "POST /api/chat/ HTTP/1.1" 200 308
INFO 2025-07-02 07:46:09,488 views 6792 4400 Sending query to Gemini API: please tell something about pyanchyat
INFO 2025-07-02 07:46:12,595 views 6792 4400 Chat interaction saved for user: nazmul
INFO 2025-07-02 07:46:12,611 basehttp 6792 4400 "POST /api/chat/ HTTP/1.1" 200 1908
INFO 2025-07-02 07:46:35,095 views 6792 4400 Sending query to Gemini API: tell something about story
INFO 2025-07-02 07:46:37,419 views 6792 4400 Chat interaction saved for user: nazmul
INFO 2025-07-02 07:46:37,420 basehttp 6792 4400 "POST /api/chat/ HTTP/1.1" 200 1438
INFO 2025-07-02 07:47:20,938 views 6792 4400 Sending query to Gemini API: please give some actors name
INFO 2025-07-02 07:47:22,957 views 6792 4400 Chat interaction saved for user: nazmul
INFO 2025-07-02 07:47:22,957 basehttp 6792 4400 "POST /api/chat/ HTTP/1.1" 200 901
INFO 2025-07-02 07:51:06,052 autoreload 16008 1200 Watching for file changes with StatReloader
INFO 2025-07-02 07:51:26,203 basehttp 16008 9780 "GET / HTTP/1.1" 200 16560
INFO 2025-07-02 07:51:26,329 basehttp 16008 9780 "GET /api/chat/history/ HTTP/1.1" 200 25438
INFO 2025-07-02 07:51:29,969 views 16008 9780 Sending query to Gemini API: hai
INFO 2025-07-02 07:51:32,161 views 16008 9780 Chat interaction saved for user: nazmul
INFO 2025-07-02 07:51:32,161 basehttp 16008 9780 "POST /api/chat/ HTTP/1.1" 200 117
INFO 2025-07-02 07:51:33,722 views 16008 9780 Sending query to Gemini API: hello
INFO 2025-07-02 07:51:34,388 views 16008 9780 Chat interaction saved for user: nazmul
INFO 2025-07-02 07:51:34,394 basehttp 16008 9780 "POST /api/chat/ HTTP/1.1" 200 122
INFO 2025-07-02 07:51:37,046 views 16008 9780 Sending query to Gemini API: baby
INFO 2025-07-02 07:51:38,486 views 16008 9780 Chat interaction saved for user: nazmul
INFO 2025-07-02 07:51:38,486 basehttp 16008 9780 "POST /api/chat/ HTTP/1.1" 200 597
INFO 2025-07-02 07:52:00,271 views 16008 9780 Sending query to Gemini API: please tell something about sparteck
INFO 2025-07-02 07:52:02,520 views 16008 9780 Chat interaction saved for user: nazmul
INFO 2025-07-02 07:52:02,520 basehttp 16008 9780 "POST /api/chat/ HTTP/1.1" 200 1171
INFO 2025-07-02 07:52:35,767 views 16008 9780 Sending query to Gemini API: do you know about bsmrstu
INFO 2025-07-02 07:52:36,683 views 16008 9780 Chat interaction saved for user: nazmul
INFO 2025-07-02 07:52:36,684 basehttp 16008 9780 "POST /api/chat/ HTTP/1.1" 200 291
INFO 2025-07-02 07:53:29,917 views 16008 9780 Sending query to Gemini API: this information is fully wrong
INFO 2025-07-02 07:53:30,731 views 16008 9780 Chat interaction saved for user: nazmul
INFO 2025-07-02 07:53:30,732 basehttp 16008 9780 "POST /api/chat/ HTTP/1.1" 200 291
INFO 2025-07-02 07:54:31,022 views 16008 9780 Sending query to Gemini API: bsmrstu stands for Bangabondhu Science and technology university gopalgang
INFO 2025-07-02 07:54:31,799 views 16008 9780 Chat interaction saved for user: nazmul
INFO 2025-07-02 07:54:31,801 basehttp 16008 9780 "POST /api/chat/ HTTP/1.1" 200 268
INFO 2025-07-02 07:55:06,627 views 16008 9780 Sending query to Gemini API: now tell me something about bsmrstu
INFO 2025-07-02 07:55:09,100 views 16008 9780 Chat interaction saved for user: nazmul
INFO 2025-07-02 07:55:09,100 basehttp 16008 9780 "POST /api/chat/ HTTP/1.1" 200 1628
INFO 2025-07-02 07:58:41,950 autoreload 16008 1200 C:\Users\Nazmul\Desktop\chatbot\project\settings.py changed, reloading.
INFO 2025-07-02 07:58:45,012 autoreload 21660 7620 Watching for file changes with StatReloader
INFO 2025-07-02 07:58:55,263 basehttp 21660 18804 "GET / HTTP/1.1" 200 16560
INFO 2025-07-02 07:58:55,407 basehttp 21660 18804 "GET /api/chat/history/ HTTP/1.1" 200 29931
INFO 2025-07-02 07:59:02,203 views 21660 11816 Sending query to Gemini API: hai
INFO 2025-07-02 07:59:05,022 views 21660 11816 Chat interaction saved for user: nazmul
INFO 2025-07-02 07:59:05,022 basehttp 21660 11816 "POST /api/chat/ HTTP/1.1" 200 117
INFO 2025-07-02 08:02:44,471 autoreload 21660 7620 C:\Users\Nazmul\Desktop\chatbot\project\settings.py changed, reloading.
INFO 2025-07-02 08:02:47,511 autoreload 12332 19712 Watching for file changes with StatReloader
INFO 2025-07-02 08:02:58,372 basehttp 12332 17056 "GET / HTTP/1.1" 200 16560
ERROR 2025-07-02 08:02:58,542 log 12332 17056 Internal Server Error: /api/chat/history/
Traceback (most recent call last):
  File "C:\Users\Nazmul\AppData\Local\Programs\Python\Python311\Lib\site-packages\django\core\handlers\exception.py", line 55, in inner
    response = get_response(request)
               ^^^^^^^^^^^^^^^^^^^^^
  File "C:\Users\Nazmul\AppData\Local\Programs\Python\Python311\Lib\site-packages\django\core\handlers\base.py", line 197, in _get_response
    response = wrapped_callback(request, *callback_args, **callback_kwargs)
               ^^^^^^^^^^^^^^^^^^^^^^^^^^^^^^^^^^^^^^^^^^^^^^^^^^^^^^^^^^^^
  File "C:\Users\Nazmul\AppData\Local\Programs\Python\Python311\Lib\site-packages\django\views\decorators\csrf.py", line 65, in _view_wrapper
    return view_func(request, *args, **kwargs)
           ^^^^^^^^^^^^^^^^^^^^^^^^^^^^^^^^^^^
  File "C:\Users\Nazmul\AppData\Local\Programs\Python\Python311\Lib\site-packages\django\views\generic\base.py", line 105, in view
    return self.dispatch(request, *args, **kwargs)
           ^^^^^^^^^^^^^^^^^^^^^^^^^^^^^^^^^^^^^^^
  File "C:\Users\Nazmul\AppData\Local\Programs\Python\Python311\Lib\site-packages\rest_framework\views.py", line 515, in dispatch
    response = self.handle_exception(exc)
               ^^^^^^^^^^^^^^^^^^^^^^^^^^
  File "C:\Users\Nazmul\AppData\Local\Programs\Python\Python311\Lib\site-packages\rest_framework\views.py", line 475, in handle_exception
    self.raise_uncaught_exception(exc)
  File "C:\Users\Nazmul\AppData\Local\Programs\Python\Python311\Lib\site-packages\rest_framework\views.py", line 486, in raise_uncaught_exception
    raise exc
  File "C:\Users\Nazmul\AppData\Local\Programs\Python\Python311\Lib\site-packages\rest_framework\views.py", line 503, in dispatch
    self.initial(request, *args, **kwargs)
  File "C:\Users\Nazmul\AppData\Local\Programs\Python\Python311\Lib\site-packages\rest_framework\views.py", line 420, in initial
    self.perform_authentication(request)
  File "C:\Users\Nazmul\AppData\Local\Programs\Python\Python311\Lib\site-packages\rest_framework\views.py", line 330, in perform_authentication
    request.user
  File "C:\Users\Nazmul\AppData\Local\Programs\Python\Python311\Lib\site-packages\rest_framework\request.py", line 232, in user
    self._authenticate()
  File "C:\Users\Nazmul\AppData\Local\Programs\Python\Python311\Lib\site-packages\rest_framework\request.py", line 385, in _authenticate
    user_auth_tuple = authenticator.authenticate(self)
                      ^^^^^^^^^^^^^^^^^^^^^^^^^^^^^^^^
  File "C:\Users\Nazmul\AppData\Local\Programs\Python\Python311\Lib\site-packages\rest_framework_simplejwt\authentication.py", line 51, in authenticate
    return self.get_user(validated_token), validated_token
           ^^^^^^^^^^^^^^^^^^^^^^^^^^^^^^
  File "C:\Users\Nazmul\AppData\Local\Programs\Python\Python311\Lib\site-packages\rest_framework_simplejwt\authentication.py", line 130, in get_user
    user = self.user_model.objects.get(**{api_settings.USER_ID_FIELD: user_id})
           ^^^^^^^^^^^^^^^^^^^^^^^^^^^^^^^^^^^^^^^^^^^^^^^^^^^^^^^^^^^^^^^^^^^^
  File "C:\Users\Nazmul\AppData\Local\Programs\Python\Python311\Lib\site-packages\django\db\models\manager.py", line 87, in manager_method
    return getattr(self.get_queryset(), name)(*args, **kwargs)
           ^^^^^^^^^^^^^^^^^^^^^^^^^^^^^^^^^^^^^^^^^^^^^^^^^^^
  File "C:\Users\Nazmul\AppData\Local\Programs\Python\Python311\Lib\site-packages\django\db\models\query.py", line 629, in get
    num = len(clone)
          ^^^^^^^^^^
  File "C:\Users\Nazmul\AppData\Local\Programs\Python\Python311\Lib\site-packages\django\db\models\query.py", line 366, in __len__
    self._fetch_all()
  File "C:\Users\Nazmul\AppData\Local\Programs\Python\Python311\Lib\site-packages\django\db\models\query.py", line 1949, in _fetch_all
    self._result_cache = list(self._iterable_class(self))
                         ^^^^^^^^^^^^^^^^^^^^^^^^^^^^^^^^
  File "C:\Users\Nazmul\AppData\Local\Programs\Python\Python311\Lib\site-packages\django\db\models\query.py", line 91, in __iter__
    results = compiler.execute_sql(
              ^^^^^^^^^^^^^^^^^^^^^
  File "C:\Users\Nazmul\AppData\Local\Programs\Python\Python311\Lib\site-packages\django\db\models\sql\compiler.py", line 1610, in execute_sql
    sql, params = self.as_sql()
                  ^^^^^^^^^^^^^
  File "C:\Users\Nazmul\AppData\Local\Programs\Python\Python311\Lib\site-packages\django\db\models\sql\compiler.py", line 766, in as_sql
    extra_select, order_by, group_by = self.pre_sql_setup(
                                       ^^^^^^^^^^^^^^^^^^^
  File "C:\Users\Nazmul\AppData\Local\Programs\Python\Python311\Lib\site-packages\django\db\models\sql\compiler.py", line 85, in pre_sql_setup
    self.setup_query(with_col_aliases=with_col_aliases)
  File "C:\Users\Nazmul\AppData\Local\Programs\Python\Python311\Lib\site-packages\django\db\models\sql\compiler.py", line 74, in setup_query
    self.select, self.klass_info, self.annotation_col_map = self.get_select(
                                                            ^^^^^^^^^^^^^^^^
  File "C:\Users\Nazmul\AppData\Local\Programs\Python\Python311\Lib\site-packages\django\db\models\sql\compiler.py", line 316, in get_select
    sql, params = self.compile(col)
                  ^^^^^^^^^^^^^^^^^
  File "C:\Users\Nazmul\AppData\Local\Programs\Python\Python311\Lib\site-packages\django\db\models\sql\compiler.py", line 577, in compile
    sql, params = node.as_sql(self, self.connection)
                  ^^^^^^^^^^^^^^^^^^^^^^^^^^^^^^^^^^
  File "C:\Users\Nazmul\AppData\Local\Programs\Python\Python311\Lib\site-packages\django\db\models\expressions.py", line 1305, in as_sql
    sql = ".".join(map(compiler.quote_name_unless_alias, identifiers))
          ^^^^^^^^^^^^^^^^^^^^^^^^^^^^^^^^^^^^^^^^^^^^^^^^^^^^^^^^^^^^
  File "C:\Users\Nazmul\AppData\Local\Programs\Python\Python311\Lib\site-packages\django\db\models\sql\compiler.py", line 568, in quote_name_unless_alias
    r = self.connection.ops.quote_name(name)
        ^^^^^^^^^^^^^^^^^^^^^^^^^^^^^^^^^^^^
  File "C:\Users\Nazmul\AppData\Local\Programs\Python\Python311\Lib\site-packages\django\db\backends\dummy\base.py", line 20, in complain
    raise ImproperlyConfigured(
django.core.exceptions.ImproperlyConfigured: settings.DATABASES is improperly configured. Please supply the ENGINE value. Check settings documentation for more details.
ERROR 2025-07-02 08:02:58,552 basehttp 12332 17056 "GET /api/chat/history/ HTTP/1.1" 500 183918
ERROR 2025-07-02 08:03:04,129 log 12332 17056 Internal Server Error: /api/chat/
Traceback (most recent call last):
  File "C:\Users\Nazmul\AppData\Local\Programs\Python\Python311\Lib\site-packages\django\core\handlers\exception.py", line 55, in inner
    response = get_response(request)
               ^^^^^^^^^^^^^^^^^^^^^
  File "C:\Users\Nazmul\AppData\Local\Programs\Python\Python311\Lib\site-packages\django\core\handlers\base.py", line 197, in _get_response
    response = wrapped_callback(request, *callback_args, **callback_kwargs)
               ^^^^^^^^^^^^^^^^^^^^^^^^^^^^^^^^^^^^^^^^^^^^^^^^^^^^^^^^^^^^
  File "C:\Users\Nazmul\AppData\Local\Programs\Python\Python311\Lib\site-packages\django\views\decorators\csrf.py", line 65, in _view_wrapper
    return view_func(request, *args, **kwargs)
           ^^^^^^^^^^^^^^^^^^^^^^^^^^^^^^^^^^^
  File "C:\Users\Nazmul\AppData\Local\Programs\Python\Python311\Lib\site-packages\django\views\generic\base.py", line 105, in view
    return self.dispatch(request, *args, **kwargs)
           ^^^^^^^^^^^^^^^^^^^^^^^^^^^^^^^^^^^^^^^
  File "C:\Users\Nazmul\AppData\Local\Programs\Python\Python311\Lib\site-packages\rest_framework\views.py", line 515, in dispatch
    response = self.handle_exception(exc)
               ^^^^^^^^^^^^^^^^^^^^^^^^^^
  File "C:\Users\Nazmul\AppData\Local\Programs\Python\Python311\Lib\site-packages\rest_framework\views.py", line 475, in handle_exception
    self.raise_uncaught_exception(exc)
  File "C:\Users\Nazmul\AppData\Local\Programs\Python\Python311\Lib\site-packages\rest_framework\views.py", line 486, in raise_uncaught_exception
    raise exc
  File "C:\Users\Nazmul\AppData\Local\Programs\Python\Python311\Lib\site-packages\rest_framework\views.py", line 503, in dispatch
    self.initial(request, *args, **kwargs)
  File "C:\Users\Nazmul\AppData\Local\Programs\Python\Python311\Lib\site-packages\rest_framework\views.py", line 420, in initial
    self.perform_authentication(request)
  File "C:\Users\Nazmul\AppData\Local\Programs\Python\Python311\Lib\site-packages\rest_framework\views.py", line 330, in perform_authentication
    request.user
  File "C:\Users\Nazmul\AppData\Local\Programs\Python\Python311\Lib\site-packages\rest_framework\request.py", line 232, in user
    self._authenticate()
  File "C:\Users\Nazmul\AppData\Local\Programs\Python\Python311\Lib\site-packages\rest_framework\request.py", line 385, in _authenticate
    user_auth_tuple = authenticator.authenticate(self)
                      ^^^^^^^^^^^^^^^^^^^^^^^^^^^^^^^^
  File "C:\Users\Nazmul\AppData\Local\Programs\Python\Python311\Lib\site-packages\rest_framework_simplejwt\authentication.py", line 51, in authenticate
    return self.get_user(validated_token), validated_token
           ^^^^^^^^^^^^^^^^^^^^^^^^^^^^^^
  File "C:\Users\Nazmul\AppData\Local\Programs\Python\Python311\Lib\site-packages\rest_framework_simplejwt\authentication.py", line 130, in get_user
    user = self.user_model.objects.get(**{api_settings.USER_ID_FIELD: user_id})
           ^^^^^^^^^^^^^^^^^^^^^^^^^^^^^^^^^^^^^^^^^^^^^^^^^^^^^^^^^^^^^^^^^^^^
  File "C:\Users\Nazmul\AppData\Local\Programs\Python\Python311\Lib\site-packages\django\db\models\manager.py", line 87, in manager_method
    return getattr(self.get_queryset(), name)(*args, **kwargs)
           ^^^^^^^^^^^^^^^^^^^^^^^^^^^^^^^^^^^^^^^^^^^^^^^^^^^
  File "C:\Users\Nazmul\AppData\Local\Programs\Python\Python311\Lib\site-packages\django\db\models\query.py", line 629, in get
    num = len(clone)
          ^^^^^^^^^^
  File "C:\Users\Nazmul\AppData\Local\Programs\Python\Python311\Lib\site-packages\django\db\models\query.py", line 366, in __len__
    self._fetch_all()
  File "C:\Users\Nazmul\AppData\Local\Programs\Python\Python311\Lib\site-packages\django\db\models\query.py", line 1949, in _fetch_all
    self._result_cache = list(self._iterable_class(self))
                         ^^^^^^^^^^^^^^^^^^^^^^^^^^^^^^^^
  File "C:\Users\Nazmul\AppData\Local\Programs\Python\Python311\Lib\site-packages\django\db\models\query.py", line 91, in __iter__
    results = compiler.execute_sql(
              ^^^^^^^^^^^^^^^^^^^^^
  File "C:\Users\Nazmul\AppData\Local\Programs\Python\Python311\Lib\site-packages\django\db\models\sql\compiler.py", line 1610, in execute_sql
    sql, params = self.as_sql()
                  ^^^^^^^^^^^^^
  File "C:\Users\Nazmul\AppData\Local\Programs\Python\Python311\Lib\site-packages\django\db\models\sql\compiler.py", line 766, in as_sql
    extra_select, order_by, group_by = self.pre_sql_setup(
                                       ^^^^^^^^^^^^^^^^^^^
  File "C:\Users\Nazmul\AppData\Local\Programs\Python\Python311\Lib\site-packages\django\db\models\sql\compiler.py", line 85, in pre_sql_setup
    self.setup_query(with_col_aliases=with_col_aliases)
  File "C:\Users\Nazmul\AppData\Local\Programs\Python\Python311\Lib\site-packages\django\db\models\sql\compiler.py", line 74, in setup_query
    self.select, self.klass_info, self.annotation_col_map = self.get_select(
                                                            ^^^^^^^^^^^^^^^^
  File "C:\Users\Nazmul\AppData\Local\Programs\Python\Python311\Lib\site-packages\django\db\models\sql\compiler.py", line 316, in get_select
    sql, params = self.compile(col)
                  ^^^^^^^^^^^^^^^^^
  File "C:\Users\Nazmul\AppData\Local\Programs\Python\Python311\Lib\site-packages\django\db\models\sql\compiler.py", line 577, in compile
    sql, params = node.as_sql(self, self.connection)
                  ^^^^^^^^^^^^^^^^^^^^^^^^^^^^^^^^^^
  File "C:\Users\Nazmul\AppData\Local\Programs\Python\Python311\Lib\site-packages\django\db\models\expressions.py", line 1305, in as_sql
    sql = ".".join(map(compiler.quote_name_unless_alias, identifiers))
          ^^^^^^^^^^^^^^^^^^^^^^^^^^^^^^^^^^^^^^^^^^^^^^^^^^^^^^^^^^^^
  File "C:\Users\Nazmul\AppData\Local\Programs\Python\Python311\Lib\site-packages\django\db\models\sql\compiler.py", line 568, in quote_name_unless_alias
    r = self.connection.ops.quote_name(name)
        ^^^^^^^^^^^^^^^^^^^^^^^^^^^^^^^^^^^^
  File "C:\Users\Nazmul\AppData\Local\Programs\Python\Python311\Lib\site-packages\django\db\backends\dummy\base.py", line 20, in complain
    raise ImproperlyConfigured(
django.core.exceptions.ImproperlyConfigured: settings.DATABASES is improperly configured. Please supply the ENGINE value. Check settings documentation for more details.
ERROR 2025-07-02 08:03:04,133 basehttp 12332 17056 "POST /api/chat/ HTTP/1.1" 500 183884
INFO 2025-07-02 08:03:14,431 autoreload 12332 19712 C:\Users\Nazmul\Desktop\chatbot\project\settings.py changed, reloading.
INFO 2025-07-02 08:03:17,411 autoreload 20936 20476 Watching for file changes with StatReloader
INFO 2025-07-02 08:03:31,741 views 20936 5592 Sending query to Gemini API: hi
INFO 2025-07-02 08:03:34,164 views 20936 5592 Chat interaction saved for user: nazmul
INFO 2025-07-02 08:03:34,173 basehttp 20936 5592 "POST /api/chat/ HTTP/1.1" 200 116
INFO 2025-07-02 08:04:40,091 views 20936 5592 Sending query to Gemini API: himel
INFO 2025-07-02 08:04:40,843 views 20936 5592 Chat interaction saved for user: nazmul
INFO 2025-07-02 08:04:40,844 basehttp 20936 5592 "POST /api/chat/ HTTP/1.1" 200 202
INFO 2025-07-02 08:06:39,407 views 20936 5592 Sending query to Gemini API: what is himel means
INFO 2025-07-02 08:06:40,132 views 20936 5592 Chat interaction saved for user: nazmul
INFO 2025-07-02 08:06:40,132 basehttp 20936 5592 "POST /api/chat/ HTTP/1.1" 200 175
INFO 2025-07-02 08:07:22,695 views 20936 5592 Sending query to Gemini API: your are worang
INFO 2025-07-02 08:07:23,585 views 20936 5592 Chat interaction saved for user: nazmul
INFO 2025-07-02 08:07:23,585 basehttp 20936 5592 "POST /api/chat/ HTTP/1.1" 200 297
INFO 2025-07-02 08:07:38,547 views 20936 5592 Sending query to Gemini API: nazmul means
INFO 2025-07-02 08:07:39,842 views 20936 5592 Chat interaction saved for user: nazmul
INFO 2025-07-02 08:07:39,850 basehttp 20936 5592 "POST /api/chat/ HTTP/1.1" 200 401
INFO 2025-07-02 08:15:08,386 autoreload 20936 20476 C:\Users\Nazmul\Desktop\chatbot\project\settings.py changed, reloading.
INFO 2025-07-02 08:15:11,539 autoreload 10544 8108 Watching for file changes with StatReloader
INFO 2025-07-02 08:15:23,551 basehttp 10544 19096 "GET / HTTP/1.1" 200 16560
INFO 2025-07-02 08:15:23,611 basehttp 10544 19096 "GET /api/chat/history/ HTTP/1.1" 200 31245
INFO 2025-07-02 08:15:27,838 views 10544 19096 Sending query to Gemini API: hello
DEBUG 2025-07-02 08:15:30,032 views 10544 19096 Raw Gemini API response: Hello there! How can I help you today?

INFO 2025-07-02 08:15:30,051 views 10544 19096 Chat interaction saved for user: nazmul
INFO 2025-07-02 08:15:30,051 basehttp 10544 19096 "POST /api/chat/ HTTP/1.1" 200 122
INFO 2025-07-02 16:35:15,644 autoreload 9744 13320 Watching for file changes with StatReloader
INFO 2025-07-02 16:35:27,405 basehttp 9744 4440 "GET / HTTP/1.1" 200 16560
WARNING 2025-07-02 16:35:27,708 log 9744 4440 Unauthorized: /api/chat/history/
WARNING 2025-07-02 16:35:27,710 basehttp 9744 4440 "GET /api/chat/history/ HTTP/1.1" 401 172
WARNING 2025-07-02 16:35:27,807 log 9744 11564 Not Found: /favicon.ico
WARNING 2025-07-02 16:35:27,807 basehttp 9744 11564 "GET /favicon.ico HTTP/1.1" 404 3216
ERROR 2025-07-02 16:35:28,192 log 9744 4440 Internal Server Error: /api/token/refresh/
Traceback (most recent call last):
  File "C:\Users\Nazmul\AppData\Local\Programs\Python\Python311\Lib\site-packages\django\core\handlers\exception.py", line 55, in inner
    response = get_response(request)
               ^^^^^^^^^^^^^^^^^^^^^
  File "C:\Users\Nazmul\AppData\Local\Programs\Python\Python311\Lib\site-packages\django\core\handlers\base.py", line 197, in _get_response
    response = wrapped_callback(request, *callback_args, **callback_kwargs)
               ^^^^^^^^^^^^^^^^^^^^^^^^^^^^^^^^^^^^^^^^^^^^^^^^^^^^^^^^^^^^
  File "C:\Users\Nazmul\AppData\Local\Programs\Python\Python311\Lib\site-packages\django\views\decorators\csrf.py", line 65, in _view_wrapper
    return view_func(request, *args, **kwargs)
           ^^^^^^^^^^^^^^^^^^^^^^^^^^^^^^^^^^^
  File "C:\Users\Nazmul\AppData\Local\Programs\Python\Python311\Lib\site-packages\django\views\generic\base.py", line 105, in view
    return self.dispatch(request, *args, **kwargs)
           ^^^^^^^^^^^^^^^^^^^^^^^^^^^^^^^^^^^^^^^
  File "C:\Users\Nazmul\AppData\Local\Programs\Python\Python311\Lib\site-packages\rest_framework\views.py", line 515, in dispatch
    response = self.handle_exception(exc)
               ^^^^^^^^^^^^^^^^^^^^^^^^^^
  File "C:\Users\Nazmul\AppData\Local\Programs\Python\Python311\Lib\site-packages\rest_framework\views.py", line 475, in handle_exception
    self.raise_uncaught_exception(exc)
  File "C:\Users\Nazmul\AppData\Local\Programs\Python\Python311\Lib\site-packages\rest_framework\views.py", line 486, in raise_uncaught_exception
    raise exc
  File "C:\Users\Nazmul\AppData\Local\Programs\Python\Python311\Lib\site-packages\rest_framework\views.py", line 512, in dispatch
    response = handler(request, *args, **kwargs)
               ^^^^^^^^^^^^^^^^^^^^^^^^^^^^^^^^^
  File "C:\Users\Nazmul\AppData\Local\Programs\Python\Python311\Lib\site-packages\rest_framework_simplejwt\views.py", line 44, in post
    serializer.is_valid(raise_exception=True)
  File "C:\Users\Nazmul\AppData\Local\Programs\Python\Python311\Lib\site-packages\rest_framework\serializers.py", line 225, in is_valid
    self._validated_data = self.run_validation(self.initial_data)
                           ^^^^^^^^^^^^^^^^^^^^^^^^^^^^^^^^^^^^^^
  File "C:\Users\Nazmul\AppData\Local\Programs\Python\Python311\Lib\site-packages\rest_framework\serializers.py", line 447, in run_validation
    value = self.validate(value)
            ^^^^^^^^^^^^^^^^^^^^
  File "C:\Users\Nazmul\AppData\Local\Programs\Python\Python311\Lib\site-packages\rest_framework_simplejwt\serializers.py", line 141, in validate
    refresh.outstand()
  File "C:\Users\Nazmul\AppData\Local\Programs\Python\Python311\Lib\site-packages\rest_framework_simplejwt\tokens.py", line 222, in outstand
    return OutstandingToken.objects.get_or_create(
           ^^^^^^^^^^^^^^^^^^^^^^^^
AttributeError: type object 'OutstandingToken' has no attribute 'objects'
ERROR 2025-07-02 16:35:28,196 basehttp 9744 4440 "POST /api/token/refresh/ HTTP/1.1" 500 119244
INFO 2025-07-02 16:35:41,744 basehttp 9744 5636 "POST /api/token/ HTTP/1.1" 200 483
INFO 2025-07-02 16:35:41,782 basehttp 9744 5636 "GET /api/chat/history/ HTTP/1.1" 200 31368
INFO 2025-07-02 16:40:34,018 basehttp 9744 13464 "GET / HTTP/1.1" 200 22199
INFO 2025-07-02 16:40:36,598 basehttp 9744 2176 "GET /api/chat/history/ HTTP/1.1" 200 31368
INFO 2025-07-02 16:41:28,890 basehttp 9744 13100 "GET / HTTP/1.1" 200 22199
INFO 2025-07-02 16:41:28,984 basehttp 9744 2176 - Broken pipe from ('127.0.0.1', 57048)
INFO 2025-07-02 16:50:35,020 autoreload 10156 19056 Watching for file changes with StatReloader
INFO 2025-07-02 16:50:44,900 basehttp 10156 13192 "GET / HTTP/1.1" 200 19072
INFO 2025-07-02 16:50:51,358 basehttp 10156 13192 "POST /api/token/ HTTP/1.1" 200 483
INFO 2025-07-02 16:50:51,396 basehttp 10156 13192 "GET /api/chat/history/ HTTP/1.1" 200 31368
INFO 2025-07-02 16:50:53,656 basehttp 10156 11288 "POST /api/token/ HTTP/1.1" 200 483
INFO 2025-07-02 16:50:53,671 basehttp 10156 11288 "GET /api/chat/history/ HTTP/1.1" 200 31368
INFO 2025-07-02 16:56:22,958 views 10156 14744 Sending query to Gemini API: hai
DEBUG 2025-07-02 16:56:23,911 views 10156 14744 Raw Gemini API response: Hi there! How can I help you today?

INFO 2025-07-02 16:56:23,928 views 10156 14744 Chat interaction saved for user: nazmul
INFO 2025-07-02 16:56:23,928 basehttp 10156 14744 "POST /api/chat/ HTTP/1.1" 200 117
INFO 2025-07-02 16:56:37,790 views 10156 14744 Sending query to Gemini API: how are you
DEBUG 2025-07-02 16:56:38,553 views 10156 14744 Raw Gemini API response: I am doing well, thank you for asking!  How are you today?

INFO 2025-07-02 16:56:38,595 views 10156 14744 Chat interaction saved for user: nazmul
INFO 2025-07-02 16:56:38,599 basehttp 10156 14744 "POST /api/chat/ HTTP/1.1" 200 148
INFO 2025-07-02 16:57:41,774 views 10156 14744 Chat interaction saved for user: nazmul
INFO 2025-07-02 16:57:41,776 basehttp 10156 14744 "POST /api/chat/ HTTP/1.1" 200 301
INFO 2025-07-02 16:58:03,021 views 10156 14744 Sending query to Gemini API: please give me some english movi name
DEBUG 2025-07-02 16:58:05,465 views 10156 14744 Raw Gemini API response: Here are some English movie names, categorized for easier browsing:

**Action/Adventure:**

* The Lord of the Rings: The Fellowship of the Ring
* Indiana Jones and the Raiders of the Lost Ark
* Mad Max: Fury Road
* Avengers: Endgame
* Mission: Impossible - Fallout

**Comedy:**

* Bridesmaids
* Monty Python and the Holy Grail
* The Big Lebowski
* When Harry Met Sally...
* The Hangover

**Drama:**

* The Shawshank Redemption
* Forrest Gump
* 12 Angry Men
* Schindler's List
* The Godfather

**Horror:**

* The Exorcist
* The Shining
* The Texas Chain Saw Massacre
* Get Out
* Hereditary

**Sci-Fi:**

* Blade Runner 2049
* Interstellar
* 2001: A Space Odyssey
* Star Wars: Episode IV - A New Hope
* Back to the Future

**Animated:**

* Spider-Man: Into the Spider-Verse
* Toy Story
* Up
* How to Train Your Dragon
* WALL-E


This is just a small sample, of course.  There are thousands of English-language movies!  To get more specific recommendations, tell me what genres you enjoy.

INFO 2025-07-02 16:58:05,511 views 10156 14744 Chat interaction saved for user: nazmul
INFO 2025-07-02 16:58:05,511 basehttp 10156 14744 "POST /api/chat/ HTTP/1.1" 200 1152
INFO 2025-07-02 16:58:23,280 views 10156 14744 Sending query to Gemini API: thank you for helping
DEBUG 2025-07-02 16:58:23,947 views 10156 14744 Raw Gemini API response: You're welcome!  Is there anything else I can help you with today?

INFO 2025-07-02 16:58:23,958 views 10156 14744 Chat interaction saved for user: nazmul
INFO 2025-07-02 16:58:23,962 basehttp 10156 14744 "POST /api/chat/ HTTP/1.1" 200 166
INFO 2025-07-02 16:58:48,710 views 10156 14744 Sending query to Gemini API: you are traslate in english to bangla
DEBUG 2025-07-02 16:58:49,351 views 10156 14744 Raw Gemini API response: Please provide the English text you want me to translate into Bangla.

INFO 2025-07-02 16:58:49,400 views 10156 14744 Chat interaction saved for user: nazmul
INFO 2025-07-02 16:58:49,410 basehttp 10156 14744 "POST /api/chat/ HTTP/1.1" 200 185
INFO 2025-07-02 16:59:14,774 views 10156 14744 Sending query to Gemini API: what are you doing now
DEBUG 2025-07-02 16:59:15,534 views 10156 14744 Raw Gemini API response: I am currently processing your request and formulating a response.

INFO 2025-07-02 16:59:15,574 views 10156 14744 Chat interaction saved for user: nazmul
INFO 2025-07-02 16:59:15,577 basehttp 10156 14744 "POST /api/chat/ HTTP/1.1" 200 167
INFO 2025-07-02 16:59:29,952 views 10156 14744 Sending query to Gemini API: translate in bangla
DEBUG 2025-07-02 16:59:30,615 views 10156 14744 Raw Gemini API response: Please provide the text you would like me to translate into Bangla.

INFO 2025-07-02 16:59:30,659 views 10156 14744 Chat interaction saved for user: nazmul
INFO 2025-07-02 16:59:30,662 basehttp 10156 14744 "POST /api/chat/ HTTP/1.1" 200 165
INFO 2025-07-02 16:59:35,571 views 10156 14744 Sending query to Gemini API: hello
DEBUG 2025-07-02 16:59:36,202 views 10156 14744 Raw Gemini API response: Hello there! How can I help you today?

INFO 2025-07-02 16:59:36,260 views 10156 14744 Chat interaction saved for user: nazmul
INFO 2025-07-02 16:59:36,266 basehttp 10156 14744 "POST /api/chat/ HTTP/1.1" 200 122
INFO 2025-07-02 17:00:50,194 basehttp 10156 21348 "GET / HTTP/1.1" 200 20379
INFO 2025-07-02 17:00:50,745 basehttp 10156 21348 "GET /api/chat/history/ HTTP/1.1" 200 33900
INFO 2025-07-02 17:02:47,425 basehttp 10156 7156 "GET / HTTP/1.1" 200 19072
INFO 2025-07-02 17:02:47,486 basehttp 10156 7156 "GET /api/chat/history/ HTTP/1.1" 200 33900
INFO 2025-07-02 17:02:51,829 views 10156 7156 Sending query to Gemini API: hello
DEBUG 2025-07-02 17:02:52,490 views 10156 7156 Raw Gemini API response: Hello there! How can I help you today?

INFO 2025-07-02 17:02:52,511 views 10156 7156 Chat interaction saved for user: nazmul
INFO 2025-07-02 17:02:52,516 basehttp 10156 7156 "POST /api/chat/ HTTP/1.1" 200 122
INFO 2025-07-02 17:12:30,396 basehttp 10156 22288 "GET / HTTP/1.1" 200 22248
WARNING 2025-07-02 17:12:30,464 log 10156 22288 Not Found: /socket.io/
WARNING 2025-07-02 17:12:30,469 basehttp 10156 22288 "GET /socket.io/?EIO=4&transport=polling&t=uxqlom8c HTTP/1.1" 404 3256
INFO 2025-07-02 17:12:30,479 basehttp 10156 2380 "GET /api/chat/history/ HTTP/1.1" 200 34023
WARNING 2025-07-02 17:12:31,560 log 10156 2380 Not Found: /socket.io/
WARNING 2025-07-02 17:12:31,562 basehttp 10156 2380 "GET /socket.io/?EIO=4&transport=polling&t=uxrfyds9 HTTP/1.1" 404 3256
WARNING 2025-07-02 17:12:33,710 log 10156 2380 Not Found: /socket.io/
WARNING 2025-07-02 17:12:33,710 basehttp 10156 2380 "GET /socket.io/?EIO=4&transport=polling&t=uxt48aqv HTTP/1.1" 404 3256
WARNING 2025-07-02 17:12:35,986 log 10156 2380 Not Found: /socket.io/
WARNING 2025-07-02 17:12:35,988 basehttp 10156 2380 "GET /socket.io/?EIO=4&transport=polling&t=uxuuzmky HTTP/1.1" 404 3256
WARNING 2025-07-02 17:12:40,998 log 10156 2380 Not Found: /socket.io/
WARNING 2025-07-02 17:12:40,998 basehttp 10156 2380 "GET /socket.io/?EIO=4&transport=polling&t=uxyqqw5w HTTP/1.1" 404 3256
WARNING 2025-07-02 17:12:46,029 log 10156 18940 Not Found: /socket.io/
WARNING 2025-07-02 17:12:46,037 basehttp 10156 18940 "GET /socket.io/?EIO=4&transport=polling&t=uy2m4obx HTTP/1.1" 404 3256
WARNING 2025-07-02 17:12:51,067 log 10156 18940 Not Found: /socket.io/
WARNING 2025-07-02 17:12:51,067 basehttp 10156 18940 "GET /socket.io/?EIO=4&transport=polling&t=uy6i4oi5 HTTP/1.1" 404 3256
WARNING 2025-07-02 17:12:56,096 log 10156 8900 Not Found: /socket.io/
WARNING 2025-07-02 17:12:56,110 basehttp 10156 8900 "GET /socket.io/?EIO=4&transport=polling&t=uyae4yz7 HTTP/1.1" 404 3256
WARNING 2025-07-02 17:13:01,136 log 10156 8900 Not Found: /socket.io/
WARNING 2025-07-02 17:13:01,136 basehttp 10156 8900 "GET /socket.io/?EIO=4&transport=polling&t=uye9rznh HTTP/1.1" 404 3256
WARNING 2025-07-02 17:13:07,177 log 10156 19588 Not Found: /socket.io/
WARNING 2025-07-02 17:13:07,177 basehttp 10156 19588 "GET /socket.io/?EIO=4&transport=polling&t=uyiw5tnq HTTP/1.1" 404 3256
WARNING 2025-07-02 17:13:13,137 log 10156 11896 Not Found: /socket.io/
WARNING 2025-07-02 17:13:13,137 basehttp 10156 11896 "GET /socket.io/?EIO=4&transport=polling&t=uynj4hi7 HTTP/1.1" 404 3256
WARNING 2025-07-02 17:13:19,134 log 10156 11896 Not Found: /socket.io/
WARNING 2025-07-02 17:13:19,134 basehttp 10156 11896 "GET /socket.io/?EIO=4&transport=polling&t=uys606jq HTTP/1.1" 404 3256
WARNING 2025-07-02 17:13:25,116 log 10156 11896 Not Found: /socket.io/
WARNING 2025-07-02 17:13:25,116 basehttp 10156 11896 "GET /socket.io/?EIO=4&transport=polling&t=uyws3m05 HTTP/1.1" 404 3256
WARNING 2025-07-02 17:13:31,129 log 10156 11896 Not Found: /socket.io/
WARNING 2025-07-02 17:13:31,131 basehttp 10156 11896 "GET /socket.io/?EIO=4&transport=polling&t=uz1exlr7 HTTP/1.1" 404 3256
WARNING 2025-07-02 17:13:37,128 log 10156 11896 Not Found: /socket.io/
WARNING 2025-07-02 17:13:37,128 basehttp 10156 11896 "GET /socket.io/?EIO=4&transport=polling&t=uz61le8f HTTP/1.1" 404 3256
WARNING 2025-07-02 17:13:43,129 log 10156 11896 Not Found: /socket.io/
WARNING 2025-07-02 17:13:43,129 basehttp 10156 11896 "GET /socket.io/?EIO=4&transport=polling&t=uzao6n3w HTTP/1.1" 404 3256
WARNING 2025-07-02 17:13:49,117 log 10156 11896 Not Found: /socket.io/
WARNING 2025-07-02 17:13:49,117 basehttp 10156 11896 "GET /socket.io/?EIO=4&transport=polling&t=uzfb1uku HTTP/1.1" 404 3256
WARNING 2025-07-02 17:13:55,162 log 10156 11896 Not Found: /socket.io/
WARNING 2025-07-02 17:13:55,162 basehttp 10156 11896 "GET /socket.io/?EIO=4&transport=polling&t=uzjxqhuh HTTP/1.1" 404 3256
WARNING 2025-07-02 17:14:01,122 log 10156 11896 Not Found: /socket.io/
WARNING 2025-07-02 17:14:01,122 basehttp 10156 11896 "GET /socket.io/?EIO=4&transport=polling&t=uzokchun HTTP/1.1" 404 3256
WARNING 2025-07-02 17:14:07,140 log 10156 11896 Not Found: /socket.io/
WARNING 2025-07-02 17:14:07,140 basehttp 10156 11896 "GET /socket.io/?EIO=4&transport=polling&t=uzt6wdto HTTP/1.1" 404 3256
WARNING 2025-07-02 17:14:13,115 log 10156 2076 Not Found: /socket.io/
WARNING 2025-07-02 17:14:13,115 basehttp 10156 2076 "GET /socket.io/?EIO=4&transport=polling&t=uzxtfm42 HTTP/1.1" 404 3256
WARNING 2025-07-02 17:14:19,113 log 10156 18496 Not Found: /socket.io/
WARNING 2025-07-02 17:14:19,113 basehttp 10156 18496 "GET /socket.io/?EIO=4&transport=polling&t=v02g87s0 HTTP/1.1" 404 3256
WARNING 2025-07-02 17:14:25,125 log 10156 18496 Not Found: /socket.io/
WARNING 2025-07-02 17:14:25,127 basehttp 10156 18496 "GET /socket.io/?EIO=4&transport=polling&t=v072zyrr HTTP/1.1" 404 3256
WARNING 2025-07-02 17:14:31,107 log 10156 18496 Not Found: /socket.io/
WARNING 2025-07-02 17:14:31,107 basehttp 10156 18496 "GET /socket.io/?EIO=4&transport=polling&t=v0bpfusc HTTP/1.1" 404 3256
WARNING 2025-07-02 17:14:37,129 log 10156 18496 Not Found: /socket.io/
WARNING 2025-07-02 17:14:37,130 basehttp 10156 18496 "GET /socket.io/?EIO=4&transport=polling&t=v0gc47sb HTTP/1.1" 404 3256
WARNING 2025-07-02 17:14:43,117 log 10156 18496 Not Found: /socket.io/
WARNING 2025-07-02 17:14:43,117 basehttp 10156 18496 "GET /socket.io/?EIO=4&transport=polling&t=v0kyxf5m HTTP/1.1" 404 3256
WARNING 2025-07-02 17:14:49,139 log 10156 18496 Not Found: /socket.io/
WARNING 2025-07-02 17:14:49,143 basehttp 10156 18496 "GET /socket.io/?EIO=4&transport=polling&t=v0plop6n HTTP/1.1" 404 3256
WARNING 2025-07-02 17:14:55,133 log 10156 18496 Not Found: /socket.io/
WARNING 2025-07-02 17:14:55,133 basehttp 10156 18496 "GET /socket.io/?EIO=4&transport=polling&t=v0u87dtg HTTP/1.1" 404 3256
WARNING 2025-07-02 17:15:01,131 log 10156 18496 Not Found: /socket.io/
WARNING 2025-07-02 17:15:01,133 basehttp 10156 18496 "GET /socket.io/?EIO=4&transport=polling&t=v0yuxcja HTTP/1.1" 404 3256
WARNING 2025-07-02 17:15:07,131 log 10156 18496 Not Found: /socket.io/
WARNING 2025-07-02 17:15:07,132 basehttp 10156 18496 "GET /socket.io/?EIO=4&transport=polling&t=v13hr6xe HTTP/1.1" 404 3256
WARNING 2025-07-02 17:15:13,143 log 10156 18496 Not Found: /socket.io/
WARNING 2025-07-02 17:15:13,143 basehttp 10156 18496 "GET /socket.io/?EIO=4&transport=polling&t=v184fm4u HTTP/1.1" 404 3256
WARNING 2025-07-02 17:15:19,126 log 10156 18496 Not Found: /socket.io/
WARNING 2025-07-02 17:15:19,129 basehttp 10156 18496 "GET /socket.io/?EIO=4&transport=polling&t=v1cqs82u HTTP/1.1" 404 3256
WARNING 2025-07-02 17:15:25,135 log 10156 18496 Not Found: /socket.io/
WARNING 2025-07-02 17:15:25,135 basehttp 10156 18496 "GET /socket.io/?EIO=4&transport=polling&t=v1hdm8h3 HTTP/1.1" 404 3256
WARNING 2025-07-02 17:15:31,118 log 10156 18496 Not Found: /socket.io/
WARNING 2025-07-02 17:15:31,118 basehttp 10156 18496 "GET /socket.io/?EIO=4&transport=polling&t=v1m03jkr HTTP/1.1" 404 3256
WARNING 2025-07-02 17:15:37,128 log 10156 18496 Not Found: /socket.io/
WARNING 2025-07-02 17:15:37,128 basehttp 10156 18496 "GET /socket.io/?EIO=4&transport=polling&t=v1qndnmu HTTP/1.1" 404 3256
WARNING 2025-07-02 17:15:43,115 log 10156 18496 Not Found: /socket.io/
WARNING 2025-07-02 17:15:43,115 basehttp 10156 18496 "GET /socket.io/?EIO=4&transport=polling&t=v1v9mtc7 HTTP/1.1" 404 3256
WARNING 2025-07-02 17:15:49,129 log 10156 18496 Not Found: /socket.io/
WARNING 2025-07-02 17:15:49,131 basehttp 10156 18496 "GET /socket.io/?EIO=4&transport=polling&t=v1zw8d3d HTTP/1.1" 404 3256
WARNING 2025-07-02 17:15:55,114 log 10156 18496 Not Found: /socket.io/
WARNING 2025-07-02 17:15:55,114 basehttp 10156 18496 "GET /socket.io/?EIO=4&transport=polling&t=v24iwvnb HTTP/1.1" 404 3256
WARNING 2025-07-02 17:16:01,160 log 10156 18496 Not Found: /socket.io/
WARNING 2025-07-02 17:16:01,160 basehttp 10156 18496 "GET /socket.io/?EIO=4&transport=polling&t=v295sdrd HTTP/1.1" 404 3256
WARNING 2025-07-02 17:16:07,123 log 10156 18496 Not Found: /socket.io/
WARNING 2025-07-02 17:16:07,123 basehttp 10156 18496 "GET /socket.io/?EIO=4&transport=polling&t=v2ds8r7s HTTP/1.1" 404 3256
WARNING 2025-07-02 17:16:13,128 log 10156 18496 Not Found: /socket.io/
WARNING 2025-07-02 17:16:13,128 basehttp 10156 18496 "GET /socket.io/?EIO=4&transport=polling&t=v2ietpkw HTTP/1.1" 404 3256
WARNING 2025-07-02 17:16:19,153 log 10156 18496 Not Found: /socket.io/
WARNING 2025-07-02 17:16:19,162 basehttp 10156 18496 "GET /socket.io/?EIO=4&transport=polling&t=v2n21x85 HTTP/1.1" 404 3256
WARNING 2025-07-02 17:16:25,122 log 10156 18496 Not Found: /socket.io/
WARNING 2025-07-02 17:16:25,125 basehttp 10156 18496 "GET /socket.io/?EIO=4&transport=polling&t=v2ro4ol2 HTTP/1.1" 404 3256
WARNING 2025-07-02 17:16:31,139 log 10156 9012 Not Found: /socket.io/
WARNING 2025-07-02 17:16:31,141 basehttp 10156 9012 "GET /socket.io/?EIO=4&transport=polling&t=v2waxjlt HTTP/1.1" 404 3256
WARNING 2025-07-02 17:16:37,122 log 10156 9012 Not Found: /socket.io/
WARNING 2025-07-02 17:16:37,122 basehttp 10156 9012 "GET /socket.io/?EIO=4&transport=polling&t=v30xmou2 HTTP/1.1" 404 3256
WARNING 2025-07-02 17:16:43,121 log 10156 9012 Not Found: /socket.io/
WARNING 2025-07-02 17:16:43,121 basehttp 10156 9012 "GET /socket.io/?EIO=4&transport=polling&t=v35k7mye HTTP/1.1" 404 3256
WARNING 2025-07-02 17:16:49,169 log 10156 9012 Not Found: /socket.io/
WARNING 2025-07-02 17:16:49,171 basehttp 10156 9012 "GET /socket.io/?EIO=4&transport=polling&t=v3a7b7bp HTTP/1.1" 404 3256
INFO 2025-07-02 17:16:50,554 basehttp 10156 9012 "GET / HTTP/1.1" 200 21757
INFO 2025-07-02 17:16:50,629 basehttp 10156 9012 "GET /api/chat/history/ HTTP/1.1" 200 34023
INFO 2025-07-02 17:16:57,663 views 10156 9012 Sending query to Gemini API: hi
DEBUG 2025-07-02 17:16:59,849 views 10156 9012 Raw Gemini API response: Hi there! How can I help you today?

INFO 2025-07-02 17:16:59,893 views 10156 9012 Chat interaction saved for user: nazmul
INFO 2025-07-02 17:16:59,897 basehttp 10156 9012 "POST /api/chat/ HTTP/1.1" 200 116
INFO 2025-07-02 17:17:09,466 views 10156 9012 Sending query to Gemini API: how are you
DEBUG 2025-07-02 17:17:11,212 views 10156 9012 Raw Gemini API response: I am doing well, thank you for asking!  As a large language model, I don't experience emotions or feelings in the same way humans do, but I'm functioning optimally and ready to assist you. How can I help you today?

INFO 2025-07-02 17:17:11,230 views 10156 9012 Chat interaction saved for user: nazmul
INFO 2025-07-02 17:17:11,236 basehttp 10156 9012 "POST /api/chat/ HTTP/1.1" 200 304
INFO 2025-07-02 17:18:25,883 autoreload 20088 20168 Watching for file changes with StatReloader
INFO 2025-07-02 17:18:33,604 basehttp 20088 14988 "GET / HTTP/1.1" 200 21757
INFO 2025-07-02 17:18:34,093 basehttp 20088 14988 "GET /api/chat/history/ HTTP/1.1" 200 34445
INFO 2025-07-02 17:18:51,326 basehttp 20088 11672 "GET /admin/ HTTP/1.1" 200 7158
INFO 2025-07-02 17:18:51,384 basehttp 20088 16964 "GET /static/admin/css/dark_mode.css HTTP/1.1" 200 2808
INFO 2025-07-02 17:18:51,386 basehttp 20088 11672 "GET /static/admin/css/base.css HTTP/1.1" 200 22120
INFO 2025-07-02 17:18:51,388 basehttp 20088 5832 "GET /static/admin/css/dashboard.css HTTP/1.1" 200 441
INFO 2025-07-02 17:18:51,390 basehttp 20088 20908 "GET /static/admin/css/nav_sidebar.css HTTP/1.1" 200 2810
INFO 2025-07-02 17:18:51,393 basehttp 20088 8804 "GET /static/admin/css/responsive.css HTTP/1.1" 200 16565
INFO 2025-07-02 17:18:51,417 basehttp 20088 15280 "GET /static/admin/js/theme.js HTTP/1.1" 200 1653
INFO 2025-07-02 17:18:51,437 basehttp 20088 8804 "GET /static/admin/js/nav_sidebar.js HTTP/1.1" 200 3063
INFO 2025-07-02 17:18:51,445 basehttp 20088 20908 "GET /static/admin/img/icon-changelink.svg HTTP/1.1" 200 380
INFO 2025-07-02 17:18:51,446 basehttp 20088 15280 "GET /static/admin/img/icon-addlink.svg HTTP/1.1" 200 331
INFO 2025-07-02 17:18:53,862 basehttp 20088 21380 "GET /admin/api/chatmessage/ HTTP/1.1" 200 32752
INFO 2025-07-02 17:18:53,921 basehttp 20088 21380 "GET /static/admin/css/changelists.css HTTP/1.1" 200 6878
INFO 2025-07-02 17:18:53,941 basehttp 20088 15200 "GET /static/admin/js/jquery.init.js HTTP/1.1" 200 347
INFO 2025-07-02 17:18:53,957 basehttp 20088 10184 "GET /static/admin/js/core.js HTTP/1.1" 200 6208
INFO 2025-07-02 17:18:53,960 basehttp 20088 14744 "GET /static/admin/js/actions.js HTTP/1.1" 200 8076
INFO 2025-07-02 17:18:53,968 basehttp 20088 4292 "GET /static/admin/js/admin/RelatedObjectLookups.js HTTP/1.1" 200 9777
INFO 2025-07-02 17:18:53,990 basehttp 20088 21380 "GET /static/admin/js/urlify.js HTTP/1.1" 200 7887
INFO 2025-07-02 17:18:53,994 basehttp 20088 15200 "GET /static/admin/js/prepopulate.js HTTP/1.1" 200 1531
INFO 2025-07-02 17:18:54,048 basehttp 20088 14744 "GET /admin/jsi18n/ HTTP/1.1" 200 3342
INFO 2025-07-02 17:18:54,075 basehttp 20088 17216 "GET /static/admin/js/vendor/jquery/jquery.js HTTP/1.1" 200 285314
INFO 2025-07-02 17:18:54,129 basehttp 20088 17216 "GET /static/admin/js/filters.js HTTP/1.1" 200 978
INFO 2025-07-02 17:18:54,204 basehttp 20088 10184 "GET /static/admin/js/vendor/xregexp/xregexp.js HTTP/1.1" 200 325171
INFO 2025-07-02 17:18:54,245 basehttp 20088 10184 "GET /static/admin/img/tooltag-add.svg HTTP/1.1" 200 331
INFO 2025-07-02 17:19:17,541 basehttp 20088 10184 "GET /admin/api/chatmessage/ HTTP/1.1" 200 32752
INFO 2025-07-02 17:19:17,565 basehttp 20088 10184 "GET /admin/jsi18n/ HTTP/1.1" 200 3342
INFO 2025-07-02 17:19:19,119 basehttp 20088 10184 "GET /admin/auth/group/ HTTP/1.1" 200 8617
INFO 2025-07-02 17:19:19,139 basehttp 20088 10184 "GET /admin/jsi18n/ HTTP/1.1" 200 3342
INFO 2025-07-02 17:19:19,173 basehttp 20088 17216 "GET /static/admin/img/search.svg HTTP/1.1" 200 458
INFO 2025-07-02 17:19:21,346 basehttp 20088 17216 "GET /admin/auth/user/ HTTP/1.1" 200 12199
INFO 2025-07-02 17:19:21,373 basehttp 20088 17216 "GET /admin/jsi18n/ HTTP/1.1" 200 3342
INFO 2025-07-02 17:19:21,392 basehttp 20088 10184 "GET /static/admin/img/icon-yes.svg HTTP/1.1" 200 436
INFO 2025-07-02 17:19:21,427 basehttp 20088 17216 "GET /static/admin/img/icon-viewlink.svg HTTP/1.1" 200 581
INFO 2025-07-02 17:19:21,437 basehttp 20088 10184 "GET /static/admin/img/sorting-icons.svg HTTP/1.1" 200 1097
INFO 2025-07-02 17:19:25,707 basehttp 20088 10184 "GET /admin/auth/group/add/ HTTP/1.1" 200 12587
INFO 2025-07-02 17:19:25,752 basehttp 20088 15200 "GET /admin/jsi18n/ HTTP/1.1" 200 3342
INFO 2025-07-02 17:19:25,765 basehttp 20088 10184 "GET /static/admin/css/forms.css HTTP/1.1" 200 8525
INFO 2025-07-02 17:19:25,781 basehttp 20088 21380 "GET /static/admin/js/prepopulate_init.js HTTP/1.1" 200 586
INFO 2025-07-02 17:19:25,795 basehttp 20088 14744 "GET /static/admin/js/SelectFilter2.js HTTP/1.1" 200 15845
INFO 2025-07-02 17:19:25,798 basehttp 20088 17216 "GET /static/admin/js/SelectBox.js HTTP/1.1" 200 4530
INFO 2025-07-02 17:19:25,799 basehttp 20088 10184 "GET /static/admin/css/widgets.css HTTP/1.1" 200 11991
INFO 2025-07-02 17:19:25,825 basehttp 20088 17216 "GET /static/admin/js/change_form.js HTTP/1.1" 200 606
INFO 2025-07-02 17:19:25,887 basehttp 20088 17216 "GET /static/admin/img/selector-icons.svg HTTP/1.1" 200 3291
INFO 2025-07-02 17:19:41,633 basehttp 20088 20092 "POST /admin/auth/group/add/ HTTP/1.1" 302 0
INFO 2025-07-02 17:19:41,664 basehttp 20088 20092 "GET /admin/auth/group/ HTTP/1.1" 200 10081
INFO 2025-07-02 17:19:41,681 basehttp 20088 20092 "GET /admin/jsi18n/ HTTP/1.1" 200 3342
INFO 2025-07-02 17:19:48,703 basehttp 20088 9852 "GET /admin/auth/group/1/change/ HTTP/1.1" 200 12803
INFO 2025-07-02 17:19:48,722 basehttp 20088 9852 "GET /admin/jsi18n/ HTTP/1.1" 200 3342
INFO 2025-07-02 17:19:55,093 basehttp 20088 9852 "POST /admin/auth/group/1/change/ HTTP/1.1" 302 0
INFO 2025-07-02 17:19:55,133 basehttp 20088 9852 "GET /admin/auth/group/ HTTP/1.1" 200 10083
INFO 2025-07-02 17:19:55,151 basehttp 20088 9852 "GET /admin/jsi18n/ HTTP/1.1" 200 3342
INFO 2025-07-02 17:20:01,155 basehttp 20088 10948 "GET / HTTP/1.1" 200 21757
INFO 2025-07-02 17:20:01,212 basehttp 20088 10948 "GET /api/chat/history/ HTTP/1.1" 200 34445
INFO 2025-07-02 17:20:29,639 basehttp 20088 9620 "GET / HTTP/1.1" 200 21757
INFO 2025-07-02 17:20:29,678 basehttp 20088 9620 "GET /api/chat/history/ HTTP/1.1" 200 34445
INFO 2025-07-02 17:20:31,783 basehttp 20088 9620 "GET / HTTP/1.1" 200 21757
INFO 2025-07-02 17:20:31,846 basehttp 20088 9620 "GET /api/chat/history/ HTTP/1.1" 200 34445
INFO 2025-07-02 17:28:58,223 autoreload 19728 20680 Watching for file changes with StatReloader
INFO 2025-07-02 17:29:05,059 basehttp 19728 15676 "GET / HTTP/1.1" 200 22779
INFO 2025-07-02 17:29:05,616 basehttp 19728 15676 "GET /api/chat/history/ HTTP/1.1" 200 34445
INFO 2025-07-02 17:29:08,691 basehttp 19728 15676 "GET / HTTP/1.1" 200 22779
INFO 2025-07-02 17:29:08,726 basehttp 19728 15676 "GET /api/chat/history/ HTTP/1.1" 200 34445
INFO 2025-07-02 17:29:39,656 basehttp 19728 14224 "POST /api/token/ HTTP/1.1" 200 483
INFO 2025-07-02 17:29:39,665 basehttp 19728 14224 "GET /api/chat/history/ HTTP/1.1" 200 34445
WARNING 2025-07-02 17:30:27,073 log 19728 14224 Unauthorized: /api/token/
WARNING 2025-07-02 17:30:27,077 basehttp 19728 14224 "POST /api/token/ HTTP/1.1" 401 63
WARNING 2025-07-02 17:30:31,723 log 19728 14224 Unauthorized: /api/token/
WARNING 2025-07-02 17:30:31,723 basehttp 19728 14224 "POST /api/token/ HTTP/1.1" 401 63
WARNING 2025-07-02 17:30:33,151 log 19728 9012 Unauthorized: /api/token/
WARNING 2025-07-02 17:30:33,153 basehttp 19728 9012 "POST /api/token/ HTTP/1.1" 401 63
INFO 2025-07-02 17:30:38,193 basehttp 19728 9012 "POST /api/token/ HTTP/1.1" 200 483
INFO 2025-07-02 17:30:38,222 basehttp 19728 9012 "GET /api/chat/history/ HTTP/1.1" 200 34445
INFO 2025-07-02 17:30:39,605 basehttp 19728 14224 "POST /api/token/ HTTP/1.1" 200 483
INFO 2025-07-02 17:32:26,832 basehttp 19728 1204 "GET /api/chat/history/ HTTP/1.1" 200 34445
INFO 2025-07-02 17:32:31,636 basehttp 19728 1204 "GET / HTTP/1.1" 200 22779
INFO 2025-07-02 17:32:31,676 basehttp 19728 1204 "GET /api/chat/history/ HTTP/1.1" 200 34445
INFO 2025-07-02 17:32:38,899 views 19728 19924 Sending query to Gemini API: dfd
DEBUG 2025-07-02 17:32:41,757 views 19728 19924 Raw Gemini API response: dfd is not a recognizable word or acronym with a standard meaning.  It could be:

* **A typo:**  Could you clarify what you meant to type?
* **An abbreviation:**  Specific to a certain field or context.  If you can provide more context (e.g., what you were reading or discussing when you encountered this), I might be able to help.
* **A random sequence of letters:**  With no inherent meaning.

Please provide more information so I can assist you better.

INFO 2025-07-02 17:32:41,770 views 19728 19924 Chat interaction saved for user: nazmul
INFO 2025-07-02 17:32:41,773 basehttp 19728 19924 "POST /api/chat/ HTTP/1.1" 200 543
INFO 2025-07-02 17:33:14,101 views 19728 19924 Sending query to Gemini API: write a assay
DEBUG 2025-07-02 17:33:18,386 views 19728 19924 Raw Gemini API response: ## The Paradox of Progress: Technology's Impact on Human Connection

Technological advancement has undeniably reshaped the human experience, offering unprecedented access to information, communication, and convenience.  However, this progress presents a paradox: while technology ostensibly connects us, it simultaneously threatens the depth and authenticity of human connection.  This essay will explore this paradox, examining both the beneficial and detrimental effects of technology on our relationships and social fabric.

On one hand, technology has revolutionized communication.  Social media platforms, messaging apps, and video conferencing tools allow us to connect with individuals across geographical boundaries, maintaining relationships with loved ones and forging new connections with like-minded individuals.  The immediacy of these platforms facilitates rapid information sharing, enabling collective action and fostering a sense of global community.  Furthermore, technology facilitates access to support networks, connecting individuals struggling with mental health challenges or seeking advice on various aspects of life.  Online forums and support groups provide a sense of belonging and validation that might otherwise be unavailable.

However, this seemingly seamless connectivity often masks a deeper disconnect.  The curated nature of online profiles often presents an idealized version of reality, leading to feelings of inadequacy and social comparison.  The constant influx of information and notifications can lead to attention deficits and a diminished capacity for focused interaction.  Furthermore, the superficiality of many online interactions, characterized by fleeting comments and impersonal exchanges, can fail to satisfy our innate need for meaningful human connection.  The ease of online communication can also lead to a decline in face-to-face interactions, hindering the development of crucial social skills like empathy and nonverbal communication.  This lack of physical presence can erode the intimacy and trust necessary for strong relationships.

Moreover, the echo chambers created by algorithmic curation on social media platforms can reinforce existing biases and limit exposure to diverse perspectives.  This can lead to polarization and hinder constructive dialogue, ultimately damaging social cohesion.  The spread of misinformation and online harassment further exacerbates these issues, creating a toxic environment that discourages genuine engagement and fosters feelings of anxiety and isolation.

In conclusion, the impact of technology on human connection is a complex and multifaceted phenomenon.  While it undeniably offers tools for connection and communication, its pervasive influence also poses significant challenges to the depth and authenticity of our relationships.  To harness the benefits of technology while mitigating its detrimental effects, we must cultivate a mindful approach to its usage, prioritizing face-to-face interactions, engaging in critical media literacy, and fostering a culture of empathy and respect in our online interactions. Only then can we truly leverage technology to enhance, rather than erode, the essence of human connection.

INFO 2025-07-02 17:33:18,432 views 19728 19924 Chat interaction saved for user: nazmul
INFO 2025-07-02 17:33:18,432 basehttp 19728 19924 "POST /api/chat/ HTTP/1.1" 200 3329
INFO 2025-07-02 17:33:54,425 views 19728 19924 Sending query to Gemini API: composition write 200 bangladesh
DEBUG 2025-07-02 17:33:56,982 views 19728 19924 Raw Gemini API response: Bangladesh, a land of vibrant contrasts, unfolds in a tapestry woven from lush green rice paddies and bustling city streets.  The Padma River, a lifeblood coursing through the heart of the nation, mirrors the resilience of its people.  From the sun-drenched beaches of Cox's Bazar, the longest unbroken sea beach in the world, to the serene beauty of the Sundarbans mangrove forest  a UNESCO World Heritage site and home to the majestic Royal Bengal tiger  the country captivates with its diverse landscapes.

The aroma of spices hangs heavy in the air, a testament to the rich culinary heritage.  The rhythmic beat of traditional music fills the spaces between the vibrant colours of sari-clad women and the call to prayer echoing from mosques.  Amidst the ancient temples and Mughal architecture, a modernizing nation strives for progress.  The struggles are palpable  poverty, climate vulnerability, and overpopulation present significant challenges.

Yet, the spirit of the Bangladeshi people remains unbroken.  Their unwavering optimism and unwavering dedication to family shine through the challenges.  A nation grappling with its past, embracing its present, and forging its future, Bangladesh offers a complex and compelling story, a land of beauty, resilience, and undeniable human spirit.  It is a place where ancient traditions intertwine with modern aspirations, a vibrant tapestry waiting to be explored.

INFO 2025-07-02 17:33:57,023 views 19728 19924 Chat interaction saved for user: nazmul
INFO 2025-07-02 17:33:57,030 basehttp 19728 19924 "POST /api/chat/ HTTP/1.1" 200 1541
INFO 2025-07-02 17:34:28,131 basehttp 19728 19924 "GET / HTTP/1.1" 200 22234
INFO 2025-07-02 17:34:28,190 basehttp 19728 19924 "GET /api/chat/history/ HTTP/1.1" 200 39861
INFO 2025-07-02 17:34:34,791 views 19728 19924 Sending query to Gemini API: hello
DEBUG 2025-07-02 17:34:35,501 views 19728 19924 Raw Gemini API response: Hello there! How can I help you today?

INFO 2025-07-02 17:34:35,565 views 19728 19924 Chat interaction saved for user: nazmul
INFO 2025-07-02 17:34:35,571 basehttp 19728 19924 "POST /api/chat/ HTTP/1.1" 200 122
INFO 2025-07-02 17:34:48,161 basehttp 19728 19924 "POST /api/token/ HTTP/1.1" 200 483
INFO 2025-07-02 17:34:48,180 basehttp 19728 19924 "GET /api/chat/history/ HTTP/1.1" 200 39984
INFO 2025-07-02 17:35:11,780 autoreload 10364 18248 Watching for file changes with StatReloader
INFO 2025-07-02 17:42:00,200 basehttp 10364 9932 "GET / HTTP/1.1" 200 23979
INFO 2025-07-02 17:42:00,298 basehttp 10364 9932 "GET /api/chat/history/ HTTP/1.1" 200 39984
INFO 2025-07-02 17:42:08,300 views 10364 9932 Sending query to Gemini API: hai
DEBUG 2025-07-02 17:42:09,373 views 10364 9932 Raw Gemini API response: Hai there!  How can I help you today?

INFO 2025-07-02 17:42:09,390 views 10364 9932 Chat interaction saved for user: nazmul
INFO 2025-07-02 17:42:09,394 basehttp 10364 9932 "POST /api/chat/ HTTP/1.1" 200 119
INFO 2025-07-02 17:42:41,985 views 10364 9932 Sending query to Gemini API: tell me something bcs
DEBUG 2025-07-02 17:42:42,824 views 10364 9932 Raw Gemini API response: Did you know that Cleopatra lived closer in time to the invention of the iPhone than to the building of the Great Pyramid of Giza?

INFO 2025-07-02 17:42:42,863 views 10364 9932 Chat interaction saved for user: nazmul
INFO 2025-07-02 17:42:42,865 basehttp 10364 9932 "POST /api/chat/ HTTP/1.1" 200 230
INFO 2025-07-02 17:43:03,218 views 10364 9932 Sending query to Gemini API: BCS in bangladesh
DEBUG 2025-07-02 17:43:06,440 views 10364 9932 Raw Gemini API response: BCS in Bangladesh refers to the **Bangladesh Civil Service**.  It's a highly competitive examination process to recruit officers for various branches of the civil administration in Bangladesh.  The BCS is crucial for anyone aspiring to a career in the government's administrative, judicial, police, and other services.

Here's what you should know about the BCS in Bangladesh:

* **Highly Competitive:**  Thousands of candidates compete for a limited number of positions each year, making it one of the toughest examinations in the country.
* **Multiple Tiers:** The examination typically consists of several stages, including a written exam, viva voce (oral interview), and potentially a medical examination.
* **Various Cadres:** The BCS offers positions in various cadres, such as:
    * **Bangladesh Civil Service (Administration):**  The most prestigious cadre, responsible for general administration and policy-making.
    * **Bangladesh Police Service (BPS):**  Responsible for law enforcement and maintaining public order.
    * **Bangladesh Foreign Service (BFS):**  Represents Bangladesh in diplomatic missions abroad.
    * **Bangladesh Audit and Accounts Service (BAAS):**  Manages government accounts and audits.
    * **Many others:** Including revenue services, education services, and more.
* **Preparation:**  Successful candidates often dedicate significant time and effort to rigorous preparation, often utilizing coaching centers and self-study.
* **Importance:**  A BCS position is highly valued in Bangladeshi society, offering prestige, stability, and opportunities for public service.
* **Governance:** The Bangladesh Public Service Commission (BPSC) conducts the BCS examination.


To find the most up-to-date and detailed information on the BCS examination, including eligibility criteria, syllabus, application procedures, and results, you should consult the official website of the **Bangladesh Public Service Commission (BPSC)**.

INFO 2025-07-02 17:43:06,485 views 10364 9932 Chat interaction saved for user: nazmul
INFO 2025-07-02 17:43:06,487 basehttp 10364 9932 "POST /api/chat/ HTTP/1.1" 200 2071
INFO 2025-07-02 17:44:46,946 basehttp 10364 9932 "GET / HTTP/1.1" 200 23979
INFO 2025-07-02 17:44:47,003 basehttp 10364 9932 "GET /api/chat/history/ HTTP/1.1" 200 42407
INFO 2025-07-02 17:46:22,483 basehttp 10364 20776 "GET / HTTP/1.1" 200 23979
INFO 2025-07-02 17:46:22,515 basehttp 10364 20776 "GET /api/chat/history/ HTTP/1.1" 200 42407
INFO 2025-07-02 17:47:31,851 basehttp 10364 20776 "GET / HTTP/1.1" 200 25779
INFO 2025-07-02 17:47:31,885 basehttp 10364 20776 "GET /api/chat/history/ HTTP/1.1" 200 42407
INFO 2025-07-02 17:47:56,866 views 10364 20776 Sending query to Gemini API: how are you
DEBUG 2025-07-02 17:47:58,409 views 10364 20776 Raw Gemini API response: I am doing well, thank you for asking!  How are you today?

INFO 2025-07-02 17:47:58,426 views 10364 20776 Chat interaction saved for user: nazmul
INFO 2025-07-02 17:47:58,429 basehttp 10364 20776 "POST /api/chat/ HTTP/1.1" 200 148
INFO 2025-07-02 17:49:32,546 basehttp 10364 20776 "POST /api/register/ HTTP/1.1" 201 38
WARNING 2025-07-02 17:49:45,445 log 10364 20776 Unauthorized: /api/token/
WARNING 2025-07-02 17:49:45,448 basehttp 10364 20776 "POST /api/token/ HTTP/1.1" 401 63
WARNING 2025-07-02 17:49:53,904 log 10364 20776 Unauthorized: /api/token/
WARNING 2025-07-02 17:49:53,904 basehttp 10364 20776 "POST /api/token/ HTTP/1.1" 401 63
WARNING 2025-07-02 17:50:03,155 log 10364 20776 Unauthorized: /api/token/
WARNING 2025-07-02 17:50:03,156 basehttp 10364 20776 "POST /api/token/ HTTP/1.1" 401 63
INFO 2025-07-02 17:50:21,717 basehttp 10364 20776 "GET / HTTP/1.1" 200 25779
INFO 2025-07-02 17:50:24,985 basehttp 10364 20776 "POST /api/token/ HTTP/1.1" 200 483
INFO 2025-07-02 17:50:24,995 basehttp 10364 20776 "GET /api/chat/history/ HTTP/1.1" 200 42556
INFO 2025-07-02 17:51:12,655 basehttp 10364 20776 "POST /api/register/ HTTP/1.1" 201 45
INFO 2025-07-02 17:51:35,115 basehttp 10364 20776 "POST /api/token/ HTTP/1.1" 200 483
INFO 2025-07-02 17:51:35,121 basehttp 10364 20776 "GET /api/chat/history/ HTTP/1.1" 200 2
INFO 2025-07-02 17:51:41,769 views 10364 20776 Sending query to Gemini API: hi
DEBUG 2025-07-02 17:51:42,484 views 10364 20776 Raw Gemini API response: Hi there! How can I help you today?

INFO 2025-07-02 17:51:42,495 views 10364 20776 Chat interaction saved for user: nazmul13
INFO 2025-07-02 17:51:42,496 basehttp 10364 20776 "POST /api/chat/ HTTP/1.1" 200 116
INFO 2025-07-02 17:51:43,832 views 10364 20776 Sending query to Gemini API: hello
DEBUG 2025-07-02 17:51:44,478 views 10364 20776 Raw Gemini API response: Hello there! How can I help you today?

INFO 2025-07-02 17:51:44,497 views 10364 20776 Chat interaction saved for user: nazmul13
INFO 2025-07-02 17:51:44,505 basehttp 10364 20776 "POST /api/chat/ HTTP/1.1" 200 122
INFO 2025-07-02 17:51:49,327 views 10364 20776 Sending query to Gemini API: baby
DEBUG 2025-07-02 17:51:50,265 views 10364 20776 Raw Gemini API response: "Baby" can refer to a very young child, typically from birth to about one year old.  It can also be used as a term of endearment for a romantic partner or even a pet.  The context is important to understand the intended meaning.

INFO 2025-07-02 17:51:50,281 views 10364 20776 Chat interaction saved for user: nazmul13
INFO 2025-07-02 17:51:50,283 basehttp 10364 20776 "POST /api/chat/ HTTP/1.1" 200 313
INFO 2025-07-02 18:22:42,464 autoreload 1788 8072 Watching for file changes with StatReloader
INFO 2025-07-02 18:25:59,696 autoreload 5824 17524 Watching for file changes with StatReloader
INFO 2025-07-02 18:26:06,993 basehttp 5824 3164 "GET / HTTP/1.1" 200 29639
INFO 2025-07-02 18:26:07,282 basehttp 5824 3164 "GET /api/chat/history/ HTTP/1.1" 200 555
INFO 2025-07-02 18:26:32,823 basehttp 5824 10488 "GET / HTTP/1.1" 200 29639
INFO 2025-07-02 18:26:32,845 basehttp 5824 10488 "GET /api/chat/history/ HTTP/1.1" 200 555
INFO 2025-07-02 18:26:36,361 basehttp 5824 17708 "GET / HTTP/1.1" 200 29639
INFO 2025-07-02 18:26:36,407 basehttp 5824 17708 "GET /api/chat/history/ HTTP/1.1" 200 555
WARNING 2025-07-02 18:26:47,192 basehttp 5824 15036 "GET /ws/chat/%E0%A6%AC%E0%A7%87%E0%A6%AC/ HTTP/1.1" 404 3255
INFO 2025-07-02 18:27:00,872 basehttp 5824 18056 "GET /api/chat/history/ HTTP/1.1" 200 555
WARNING 2025-07-02 18:27:09,412 log 5824 7624 Not Found: /ws/chat/lobby/
WARNING 2025-07-02 18:27:09,412 basehttp 5824 7624 "GET /ws/chat/lobby/ HTTP/1.1" 404 3225
INFO 2025-07-02 18:27:24,588 basehttp 5824 18056 "GET / HTTP/1.1" 200 29639
INFO 2025-07-02 18:27:24,664 basehttp 5824 18056 "GET /api/chat/history/ HTTP/1.1" 200 555
INFO 2025-07-02 18:27:54,524 basehttp 5824 9152 "POST /api/token/ HTTP/1.1" 200 483
INFO 2025-07-02 18:27:54,544 basehttp 5824 9152 "GET /api/chat/history/ HTTP/1.1" 200 42556
WARNING 2025-07-02 18:27:59,440 log 5824 18944 Not Found: /ws/chat/lobby/
WARNING 2025-07-02 18:27:59,441 basehttp 5824 18944 "GET /ws/chat/lobby/ HTTP/1.1" 404 3225
WARNING 2025-07-02 18:28:26,182 log 5824 15772 Not Found: /ws/chat/lobby/
WARNING 2025-07-02 18:28:26,182 basehttp 5824 15772 "GET /ws/chat/lobby/ HTTP/1.1" 404 3225
INFO 2025-07-02 18:29:31,160 basehttp 5824 9300 "GET /api/chat/history/ HTTP/1.1" 200 42556
INFO 2025-07-02 18:29:33,656 views 5824 9300 Sending query to Gemini API: hi
DEBUG 2025-07-02 18:29:35,190 views 5824 9300 Raw Gemini API response: Hi there! How can I help you today?

INFO 2025-07-02 18:29:35,204 views 5824 9300 Chat interaction saved for user: nazmul
INFO 2025-07-02 18:29:35,217 basehttp 5824 9300 "POST /api/chat/ HTTP/1.1" 200 116
WARNING 2025-07-02 18:29:42,942 log 5824 21092 Not Found: /ws/chat/lobby/
WARNING 2025-07-02 18:29:42,942 basehttp 5824 21092 "GET /ws/chat/lobby/ HTTP/1.1" 404 3225
INFO 2025-07-02 18:31:27,222 autoreload 10268 12876 Watching for file changes with StatReloader
INFO 2025-07-02 18:31:38,302 basehttp 10268 1180 "GET / HTTP/1.1" 200 29639
INFO 2025-07-02 18:31:38,364 basehttp 10268 1180 "GET /api/chat/history/ HTTP/1.1" 200 42673
WARNING 2025-07-02 18:31:43,822 log 10268 8348 Not Found: /ws/chat/lobby/
WARNING 2025-07-02 18:31:43,822 basehttp 10268 8348 "GET /ws/chat/lobby/ HTTP/1.1" 404 3225
INFO 2025-07-02 18:33:00,443 cli 20788 1204 Starting server at tcp:port=8000:interface=127.0.0.1
INFO 2025-07-02 18:33:00,443 server 20788 1204 HTTP/2 support not enabled (install the http2 and tls Twisted extras)
INFO 2025-07-02 18:33:00,443 server 20788 1204 Configuring endpoint tcp:port=8000:interface=127.0.0.1
INFO 2025-07-02 18:33:00,443 server 20788 1204 Listening on TCP address 127.0.0.1:8000
INFO 2025-07-02 18:34:05,874 server 20788 1204 Killed 0 pending application instances
INFO 2025-07-02 18:34:17,657 autoreload 16744 14612 Watching for file changes with StatReloader
INFO 2025-07-02 18:34:35,871 basehttp 16744 21308 "GET / HTTP/1.1" 200 29639
INFO 2025-07-02 18:34:36,226 basehttp 16744 21308 "GET /api/chat/history/ HTTP/1.1" 200 42673
WARNING 2025-07-02 18:34:41,351 log 16744 10668 Not Found: /ws/chat/lobby/
WARNING 2025-07-02 18:34:41,353 basehttp 16744 10668 "GET /ws/chat/lobby/ HTTP/1.1" 404 3225
INFO 2025-07-02 18:34:52,953 basehttp 16744 21308 "GET /api/chat/history/ HTTP/1.1" 200 42673
WARNING 2025-07-02 18:35:10,186 log 16744 14356 Not Found: /ws/chat/lobby/
WARNING 2025-07-02 18:35:10,186 basehttp 16744 14356 "GET /ws/chat/lobby/ HTTP/1.1" 404 3225
INFO 2025-07-02 18:39:13,654 basehttp 16744 21308 "GET /api/chat/history/ HTTP/1.1" 200 42673
INFO 2025-07-02 18:39:17,791 views 16744 21308 Sending query to Gemini API: hi
DEBUG 2025-07-02 18:39:19,822 views 16744 21308 Raw Gemini API response: Hi there! How can I help you today?

INFO 2025-07-02 18:39:19,841 views 16744 21308 Chat interaction saved for user: nazmul
INFO 2025-07-02 18:39:19,842 basehttp 16744 21308 "POST /api/chat/ HTTP/1.1" 200 116
WARNING 2025-07-02 18:39:33,974 log 16744 12652 Not Found: /ws/chat/lobby/
WARNING 2025-07-02 18:39:33,982 basehttp 16744 12652 "GET /ws/chat/lobby/ HTTP/1.1" 404 3225
INFO 2025-07-02 18:40:32,330 basehttp 16744 21308 "GET / HTTP/1.1" 200 29639
INFO 2025-07-02 18:40:32,361 basehttp 16744 21308 "GET /api/chat/history/ HTTP/1.1" 200 42790
WARNING 2025-07-02 18:40:38,001 log 16744 1208 Not Found: /ws/chat/lobby/
WARNING 2025-07-02 18:40:38,003 basehttp 16744 1208 "GET /ws/chat/lobby/ HTTP/1.1" 404 3225
INFO 2025-07-02 18:40:57,702 basehttp 16744 21308 "GET /api/chat/history/ HTTP/1.1" 200 42790
WARNING 2025-07-02 18:41:00,527 log 16744 2800 Not Found: /ws/chat/lobby/
WARNING 2025-07-02 18:41:00,527 basehttp 16744 2800 "GET /ws/chat/lobby/ HTTP/1.1" 404 3225
INFO 2025-07-02 20:34:45,008 autoreload 13152 11576 Watching for file changes with StatReloader
INFO 2025-07-02 20:34:52,529 basehttp 13152 18148 "GET / HTTP/1.1" 200 29639
WARNING 2025-07-02 20:34:52,698 log 13152 18148 Unauthorized: /api/chat/history/
WARNING 2025-07-02 20:34:52,699 basehttp 13152 18148 "GET /api/chat/history/ HTTP/1.1" 401 183
INFO 2025-07-02 20:34:52,754 basehttp 13152 18148 "POST /api/token/refresh/ HTTP/1.1" 200 483
INFO 2025-07-02 20:34:52,795 basehttp 13152 18148 "GET /api/chat/history/ HTTP/1.1" 200 42790
INFO 2025-07-02 20:35:04,191 basehttp 13152 18204 "GET / HTTP/1.1" 200 29639
INFO 2025-07-02 20:35:04,233 basehttp 13152 18204 "GET /api/chat/history/ HTTP/1.1" 200 42790
WARNING 2025-07-02 20:35:04,342 log 13152 18204 Not Found: /favicon.ico
WARNING 2025-07-02 20:35:04,342 basehttp 13152 18204 "GET /favicon.ico HTTP/1.1" 404 3216
INFO 2025-07-02 20:35:17,591 views 13152 18204 Sending query to Gemini API: hello
DEBUG 2025-07-02 20:35:19,592 views 13152 18204 Raw Gemini API response: Hello there! How can I help you today?

INFO 2025-07-02 20:35:19,603 views 13152 18204 Chat interaction saved for user: nazmul
INFO 2025-07-02 20:35:19,603 basehttp 13152 18204 "POST /api/chat/ HTTP/1.1" 200 122
WARNING 2025-07-02 20:35:24,397 log 13152 19208 Not Found: /ws/chat/lobby/
WARNING 2025-07-02 20:35:24,397 basehttp 13152 19208 "GET /ws/chat/lobby/ HTTP/1.1" 404 3225
INFO 2025-07-02 20:46:13,822 cli 19100 17344 Starting server at tcp:port=8000:interface=127.0.0.1
INFO 2025-07-02 20:46:13,822 server 19100 17344 HTTP/2 support not enabled (install the http2 and tls Twisted extras)
INFO 2025-07-02 20:46:13,822 server 19100 17344 Configuring endpoint tcp:port=8000:interface=127.0.0.1
INFO 2025-07-02 20:46:13,822 server 19100 17344 Listening on TCP address 127.0.0.1:8000
INFO 2025-07-02 21:03:02,577 views 19100 16780 Sending query to Gemini API: hi
DEBUG 2025-07-02 21:03:05,397 views 19100 16780 Raw Gemini API response: Hi there! How can I help you today?

INFO 2025-07-02 21:03:05,421 views 19100 16780 Chat interaction saved for user: nazmul13
INFO 2025-07-02 21:03:48,157 server 19100 17344 Killed 1 pending application instances
INFO 2025-07-02 21:04:02,638 autoreload 11792 19728 Watching for file changes with StatReloader
INFO 2025-07-02 21:04:09,745 basehttp 11792 2192 "GET / HTTP/1.1" 200 31683
INFO 2025-07-02 21:04:10,075 basehttp 11792 2192 "GET /api/chat/history/ HTTP/1.1" 200 672
WARNING 2025-07-02 21:04:16,173 log 11792 21044 Not Found: /ws/chat/lobby/
WARNING 2025-07-02 21:04:16,173 basehttp 11792 21044 "GET /ws/chat/lobby/ HTTP/1.1" 404 3225
INFO 2025-07-02 21:05:57,576 cli 6896 14280 Starting server at tcp:port=8000:interface=127.0.0.1
INFO 2025-07-02 21:05:57,576 server 6896 14280 HTTP/2 support not enabled (install the http2 and tls Twisted extras)
INFO 2025-07-02 21:05:57,576 server 6896 14280 Configuring endpoint tcp:port=8000:interface=127.0.0.1
INFO 2025-07-02 21:05:57,576 server 6896 14280 Listening on TCP address 127.0.0.1:8000
INFO 2025-07-02 21:40:07,264 views 6896 18080 Sending query to Gemini API: hi hello
DEBUG 2025-07-02 21:40:09,563 views 6896 18080 Raw Gemini API response: Hi there! How can I help you today?

INFO 2025-07-02 21:40:09,586 views 6896 18080 Chat interaction saved for user: nazmul13
INFO 2025-07-02 21:42:06,765 server 6896 14280 Killed 1 pending application instances
INFO 2025-07-02 21:42:17,921 autoreload 6824 2080 Watching for file changes with StatReloader
INFO 2025-07-02 21:42:24,552 basehttp 6824 14112 "GET / HTTP/1.1" 200 34835
INFO 2025-07-02 21:42:24,981 basehttp 6824 14112 "GET /api/chat/history/ HTTP/1.1" 200 42913
WARNING 2025-07-02 21:42:36,757 log 6824 1304 Not Found: /ws/chat/nazmul13/
WARNING 2025-07-02 21:42:36,758 basehttp 6824 1304 "GET /ws/chat/nazmul13/ HTTP/1.1" 404 3234
INFO 2025-07-02 21:42:45,428 basehttp 6824 14112 "GET /api/chat/history/ HTTP/1.1" 200 42913
WARNING 2025-07-02 21:42:50,520 log 6824 15328 Not Found: /ws/chat/nazmul13/
WARNING 2025-07-02 21:42:50,520 basehttp 6824 15328 "GET /ws/chat/nazmul13/ HTTP/1.1" 404 3234
INFO 2025-07-02 21:43:00,045 basehttp 6824 14112 "GET /api/chat/history/ HTTP/1.1" 200 42913
INFO 2025-07-02 21:43:11,757 basehttp 6824 14112 "GET / HTTP/1.1" 200 34835
INFO 2025-07-02 21:43:11,808 basehttp 6824 14112 "GET /api/chat/history/ HTTP/1.1" 200 42913
WARNING 2025-07-02 21:43:18,212 log 6824 18244 Not Found: /ws/chat/nazmul/
WARNING 2025-07-02 21:43:18,214 basehttp 6824 18244 "GET /ws/chat/nazmul/ HTTP/1.1" 404 3228
INFO 2025-07-02 21:53:03,318 cli 17956 7764 Starting server at tcp:port=8000:interface=127.0.0.1
INFO 2025-07-02 21:53:03,318 server 17956 7764 HTTP/2 support not enabled (install the http2 and tls Twisted extras)
INFO 2025-07-02 21:53:03,318 server 17956 7764 Configuring endpoint tcp:port=8000:interface=127.0.0.1
INFO 2025-07-02 21:53:03,318 server 17956 7764 Listening on TCP address 127.0.0.1:8000
INFO 2025-07-02 22:32:05,193 views 17956 2488 Sending query to Gemini API: hello
DEBUG 2025-07-02 22:32:12,831 views 17956 2488 Raw Gemini API response: Hello there! How can I help you today?

INFO 2025-07-02 22:32:12,842 views 17956 2488 Chat interaction saved for user: nazmul
INFO 2025-07-02 22:32:16,679 views 17956 7172 Sending query to Gemini API: hi
DEBUG 2025-07-02 22:32:17,321 views 17956 7172 Raw Gemini API response: Hi there! How can I help you today?

INFO 2025-07-02 22:32:17,337 views 17956 7172 Chat interaction saved for user: nazmul
INFO 2025-07-02 22:40:19,305 server 17956 7764 Killed 0 pending application instances
INFO 2025-07-02 22:40:31,055 autoreload 3752 3540 Watching for file changes with StatReloader
INFO 2025-07-02 22:40:39,863 basehttp 3752 10932 "GET / HTTP/1.1" 200 37213
INFO 2025-07-02 22:40:40,182 basehttp 3752 10932 "GET /api/chat/history/ HTTP/1.1" 200 43153
INFO 2025-07-02 22:47:37,900 basehttp 3752 15440 "GET / HTTP/1.1" 200 37391
WARNING 2025-07-02 22:47:37,922 log 3752 15440 Unauthorized: /api/chat/history/
WARNING 2025-07-02 22:47:37,924 basehttp 3752 15440 "GET /api/chat/history/ HTTP/1.1" 401 183
INFO 2025-07-02 22:47:37,942 basehttp 3752 15440 "POST /api/token/refresh/ HTTP/1.1" 200 483
INFO 2025-07-02 22:47:37,965 basehttp 3752 15440 "GET /api/chat/history/ HTTP/1.1" 200 43153
INFO 2025-07-02 22:48:03,883 basehttp 3752 15440 "GET / HTTP/1.1" 200 37213
INFO 2025-07-02 22:48:03,931 basehttp 3752 15440 "GET /api/chat/history/ HTTP/1.1" 200 43153
INFO 2025-07-02 22:50:14,645 basehttp 3752 15440 "GET / HTTP/1.1" 200 34443
INFO 2025-07-02 22:50:14,672 basehttp 3752 15440 "GET /api/chat/history/ HTTP/1.1" 200 43153
INFO 2025-07-02 22:50:47,411 basehttp 3752 15440 "GET / HTTP/1.1" 200 34443
INFO 2025-07-02 22:50:47,458 basehttp 3752 15440 "GET /api/chat/history/ HTTP/1.1" 200 43153
INFO 2025-07-02 22:51:05,271 basehttp 3752 15440 "GET / HTTP/1.1" 200 33577
INFO 2025-07-02 22:51:05,306 basehttp 3752 15440 "GET /api/chat/history/ HTTP/1.1" 200 43153
WARNING 2025-07-02 22:51:23,079 basehttp 3752 22192 "GET /ws/chat/%E0%A6%B9%E0%A6%BF/ HTTP/1.1" 404 3240
INFO 2025-07-02 22:51:48,098 basehttp 3752 15440 "GET /api/chat/history/ HTTP/1.1" 200 43153
WARNING 2025-07-02 22:51:54,812 log 3752 21392 Not Found: /ws/chat/nazmul/
WARNING 2025-07-02 22:51:54,812 basehttp 3752 21392 "GET /ws/chat/nazmul/ HTTP/1.1" 404 3228
INFO 2025-07-02 22:52:54,610 basehttp 3752 15440 "GET /api/chat/history/ HTTP/1.1" 200 43153
INFO 2025-07-02 22:52:57,996 views 3752 15440 Sending query to Gemini API: hi
DEBUG 2025-07-02 22:53:00,155 views 3752 15440 Raw Gemini API response: Hi there! How can I help you today?

INFO 2025-07-02 22:53:00,155 views 3752 15440 Chat interaction saved for user: nazmul
INFO 2025-07-02 22:53:00,170 basehttp 3752 15440 "POST /api/chat/ HTTP/1.1" 200 116
INFO 2025-07-02 22:53:53,862 autoreload 11224 5840 Watching for file changes with StatReloader
INFO 2025-07-02 22:54:03,294 basehttp 11224 200 "GET / HTTP/1.1" 200 34406
INFO 2025-07-02 22:54:03,517 basehttp 11224 200 "GET /api/chat/history/ HTTP/1.1" 200 43270
WARNING 2025-07-02 22:54:03,903 log 11224 200 Not Found: /favicon.ico
WARNING 2025-07-02 22:54:03,903 basehttp 11224 200 "GET /favicon.ico HTTP/1.1" 404 3216
INFO 2025-07-02 22:54:08,859 views 11224 200 Sending query to Gemini API: hi
DEBUG 2025-07-02 22:54:10,975 views 11224 200 Raw Gemini API response: Hi there! How can I help you today?

INFO 2025-07-02 22:54:10,990 views 11224 200 Chat interaction saved for user: nazmul
INFO 2025-07-02 22:54:10,990 basehttp 11224 200 "POST /api/chat/ HTTP/1.1" 200 116
INFO 2025-07-02 22:54:11,826 views 11224 200 Sending query to Gemini API: hello
DEBUG 2025-07-02 22:54:12,541 views 11224 200 Raw Gemini API response: Hello there! How can I help you today?

INFO 2025-07-02 22:54:12,545 views 11224 200 Chat interaction saved for user: nazmul
INFO 2025-07-02 22:54:12,557 basehttp 11224 200 "POST /api/chat/ HTTP/1.1" 200 122
INFO 2025-07-02 22:54:16,739 views 11224 200 Sending query to Gemini API: how are you
DEBUG 2025-07-02 22:54:17,443 views 11224 200 Raw Gemini API response: I am doing well, thank you for asking!  How are you today?

INFO 2025-07-02 22:54:17,457 views 11224 200 Chat interaction saved for user: nazmul
INFO 2025-07-02 22:54:17,458 basehttp 11224 200 "POST /api/chat/ HTTP/1.1" 200 148
INFO 2025-07-02 23:23:40,494 views 11224 11504 Sending query to Gemini API: hai
INFO 2025-07-02 23:23:41,877 views 11224 20560 Sending query to Gemini API: hi
DEBUG 2025-07-02 23:23:42,563 views 11224 11504 Raw Gemini API response: Hai! How can I help you today?

INFO 2025-07-02 23:23:42,576 views 11224 11504 Chat interaction saved for user: nazmul
INFO 2025-07-02 23:23:42,580 basehttp 11224 11504 "POST /api/chat/ HTTP/1.1" 200 112
DEBUG 2025-07-02 23:23:42,793 views 11224 20560 Raw Gemini API response: Hi there! How can I help you today?

INFO 2025-07-02 23:23:42,793 views 11224 20560 Chat interaction saved for user: nazmul
INFO 2025-07-02 23:23:42,793 basehttp 11224 20560 "POST /api/chat/ HTTP/1.1" 200 116
INFO 2025-07-02 23:23:43,010 views 11224 20560 Sending query to Gemini API: hi
DEBUG 2025-07-02 23:23:43,801 views 11224 20560 Raw Gemini API response: Hi there! How can I help you today?

INFO 2025-07-02 23:23:43,818 views 11224 20560 Chat interaction saved for user: nazmul
INFO 2025-07-02 23:23:43,821 basehttp 11224 20560 "POST /api/chat/ HTTP/1.1" 200 116
INFO 2025-07-02 23:23:48,330 views 11224 20560 Sending query to Gemini API: how are you
DEBUG 2025-07-02 23:23:49,314 views 11224 20560 Raw Gemini API response: I am doing well, thank you for asking!  As a large language model, I don't experience emotions or feelings in the same way humans do, but I'm functioning optimally and ready to assist you. How can I help you today?

INFO 2025-07-02 23:23:49,329 views 11224 20560 Chat interaction saved for user: nazmul
INFO 2025-07-02 23:23:49,333 basehttp 11224 20560 "POST /api/chat/ HTTP/1.1" 200 304
INFO 2025-07-02 23:25:30,039 views 11224 20560 Sending query to Gemini API: hi
DEBUG 2025-07-02 23:25:30,688 views 11224 20560 Raw Gemini API response: Hi there! How can I help you today?

INFO 2025-07-02 23:25:30,699 views 11224 20560 Chat interaction saved for user: nazmul
INFO 2025-07-02 23:25:30,713 basehttp 11224 20560 "POST /api/chat/ HTTP/1.1" 200 116
WARNING 2025-07-02 23:25:40,038 log 11224 4224 Not Found: /ws/chat/lobby/
WARNING 2025-07-02 23:25:40,038 basehttp 11224 4224 "GET /ws/chat/lobby/ HTTP/1.1" 404 3225
INFO 2025-07-02 23:25:41,586 basehttp 11224 20560 "GET /api/chat/history/ HTTP/1.1" 200 44428
WARNING 2025-07-02 23:27:11,373 log 11224 572 Method Not Allowed: /api/register/
WARNING 2025-07-02 23:27:11,373 basehttp 11224 572 "GET //api/register/ HTTP/1.1" 405 12689
WARNING 2025-07-02 23:27:25,767 log 11224 572 Method Not Allowed: /api/register/
WARNING 2025-07-02 23:27:25,768 basehttp 11224 572 "GET //api/register/ HTTP/1.1" 405 12689
WARNING 2025-07-02 23:27:33,284 log 11224 572 Bad Request: /api/register/
WARNING 2025-07-02 23:27:33,285 basehttp 11224 572 "POST /api/register/ HTTP/1.1" 400 12843
INFO 2025-07-02 23:27:48,610 basehttp 11224 572 "POST /api/register/ HTTP/1.1" 201 12757
WARNING 2025-07-02 23:29:21,181 log 11224 17712 Method Not Allowed: /api/token/
WARNING 2025-07-02 23:29:21,183 basehttp 11224 17712 "GET //api/token/ HTTP/1.1" 405 12376
INFO 2025-07-02 23:29:26,893 basehttp 11224 17712 "POST /api/token/ HTTP/1.1" 200 12820
WARNING 2025-07-02 23:30:13,278 log 11224 17712 Method Not Allowed: /api/token/refresh/
WARNING 2025-07-02 23:30:13,279 basehttp 11224 17712 "GET //api/token/refresh/ HTTP/1.1" 405 12191
WARNING 2025-07-02 23:30:19,043 log 11224 17712 Unauthorized: /api/token/refresh/
WARNING 2025-07-02 23:30:19,043 basehttp 11224 17712 "POST /api/token/refresh/ HTTP/1.1" 401 12191
WARNING 2025-07-02 23:31:47,939 log 11224 17712 Unauthorized: /api/chat/
WARNING 2025-07-02 23:31:47,939 basehttp 11224 17712 "GET //api/chat/ HTTP/1.1" 401 8513
WARNING 2025-07-02 23:32:55,459 log 11224 17712 Unauthorized: /api/chat/history/
WARNING 2025-07-02 23:32:55,459 basehttp 11224 17712 "GET //api/chat/history/ HTTP/1.1" 401 9971
INFO 2025-07-02 23:36:48,855 autoreload 13880 14144 Watching for file changes with StatReloader
INFO 2025-07-02 23:36:56,972 basehttp 13880 9200 "GET / HTTP/1.1" 200 34241
INFO 2025-07-02 23:36:57,122 basehttp 13880 9200 "GET /api/chat/history/ HTTP/1.1" 200 44428
INFO 2025-07-02 23:37:04,023 views 13880 9200 Sending query to Gemini API: hi
DEBUG 2025-07-02 23:37:06,149 views 13880 9200 Raw Gemini API response: Hi there! How can I help you today?

INFO 2025-07-02 23:37:06,149 views 13880 9200 Chat interaction saved for user: nazmul
INFO 2025-07-02 23:37:06,149 basehttp 13880 9200 "POST /api/chat/ HTTP/1.1" 200 116
INFO 2025-07-02 23:37:06,799 views 13880 9200 Sending query to Gemini API: hello
DEBUG 2025-07-02 23:37:07,381 views 13880 9200 Raw Gemini API response: Hello there! How can I help you today?

INFO 2025-07-02 23:37:07,397 views 13880 9200 Chat interaction saved for user: nazmul
INFO 2025-07-02 23:37:07,397 basehttp 13880 9200 "POST /api/chat/ HTTP/1.1" 200 122
